08:49:24.186 [main                     ] DEBUG Logger               - Configured Logger
08:49:24.228 [main                     ] DEBUG GameApplication      - Logging settings
Title: Droids
Version: 0.0
Width: 1280
Height: 720
Fullscreen: false
Intro: false
Profiling: false
Single step:false
App Mode: DEVELOPER
Menu Key: ESCAPE
Stage Style: DECORATED
Scene Factory: class com.oleg.droids.DroidsApp$1

08:49:24.842 [JavaFX Application Thread] DEBUG FXGLApplication      - Initializing FXGL
08:49:24.860 [JavaFX Application Thread] INFO  Engine               - FXGL-17.3 (30.03.2023 11.49) on WINDOWS (J:21 FX:17.0.2-ea)
08:49:24.860 [JavaFX Application Thread] DEBUG Engine               - JRE Vendor Name: Oracle Corporation
08:49:24.861 [JavaFX Application Thread] DEBUG Engine               - Running on OS: Windows 10 version 10.0
08:49:24.861 [JavaFX Application Thread] DEBUG Engine               - Architecture: amd64
08:49:24.861 [JavaFX Application Thread] INFO  Engine               - Source code and latest versions at: https://github.com/AlmasB/FXGL
08:49:24.861 [JavaFX Application Thread] INFO  Engine               -       Ask questions and discuss at: https://github.com/AlmasB/FXGL/discussions
08:49:24.862 [JavaFX Application Thread] INFO  Engine               -              Join the FXGL chat at: https://gitter.im/AlmasB/FXGL
08:49:25.027 [JavaFX Application Thread] DEBUG PrimaryStageWindow   - Creating a JavaFX scene
08:49:25.164 [JavaFX Application Thread] DEBUG PrimaryStageWindow   - Target settings size: 1280.0 x 720.0
08:49:25.164 [JavaFX Application Thread] DEBUG PrimaryStageWindow   - Scaled scene size:    1280.0 x 720.0
08:49:25.165 [JavaFX Application Thread] DEBUG PrimaryStageWindow   - Scaled ratio: (1.0, 1.0)
08:49:25.168 [JavaFX Application Thread] DEBUG PrimaryStageWindow   - Set initial scene to FXGLStartupScene
08:49:25.183 [JavaFX Application Thread] DEBUG PrimaryStageWindow   - Opening main window
08:49:25.319 [JavaFX Application Thread] DEBUG PrimaryStageWindow   - Window border size: (14.4000244140625, 37.5999755859375)
08:49:25.322 [JavaFX Application Thread] DEBUG PrimaryStageWindow   - Scaled size: 1280.0 x 720.0
08:49:25.322 [JavaFX Application Thread] DEBUG PrimaryStageWindow   - Scaled ratio: (1.0, 1.0)
08:49:25.323 [JavaFX Application Thread] DEBUG PrimaryStageWindow   - Scene size: 1280.0 x 720.0
08:49:25.324 [JavaFX Application Thread] DEBUG PrimaryStageWindow   - Stage size: 1294.4000244140625 x 757.5999755859375
08:49:25.344 [FXGL Background Thread 1 ] DEBUG Engine               - Initializing environment variables
08:49:25.480 [FXGL Background Thread 1 ] DEBUG FXGLAssetLoaderServi - User app class for loading assets: class com.oleg.droids.DroidsApp
08:49:25.481 [FXGL Background Thread 1 ] DEBUG GameApplicationServi - Applying CSS: fxgl_dark.css
08:49:25.482 [FXGL Background Thread 1 ] DEBUG FXGLAssetLoaderServi - Loading from file system: jar:file:///C:/Users/Oleg/.m2/repository/com/github/almasb/fxgl/17.3/fxgl-17.3.jar!/fxglassets/ui/css/fxgl_dark.css
08:49:25.655 [FXGL Background Thread 1 ] DEBUG GameApplicationServi - Initializing application scenes
08:49:25.875 [FXGL Background Thread 1 ] DEBUG GameWorld            - Game world initialized
08:49:26.021 [FXGL Background Thread 1 ] DEBUG PhysicsWorld         - Physics world initialized: appHeight=720, physics.ppm=50,0
08:49:26.022 [FXGL Background Thread 1 ] DEBUG PhysicsWorld         - Using strategy: BRUTE_FORCE
08:49:26.028 [FXGL Background Thread 1 ] DEBUG GameScene            - Game scene initialized: 1280x720
08:49:26.043 [FXGL Background Thread 1 ] DEBUG FXGLAssetLoaderServi - Loading from file system: file:/C:/Users/Oleg/Desktop/FXGLGames-master/Droids/target/classes/assets/textures/background.png
08:49:26.508 [FXGL Background Thread 1 ] DEBUG GameApplicationServi - Application scenes initialized
08:49:26.534 [FXGL Background Thread 1 ] DEBUG SystemBundleService  - Loading FXGL system data
08:49:26.542 [FXGL Background Thread 1 ] DEBUG FileSystemAccess     - Reading from: C:\Users\Oleg\Desktop\FXGLGames-master\Droids\system\fxgl.bundle
08:49:26.558 [FXGL Background Thread 1 ] DEBUG SystemBundleService  - Bundle FXGL: {}
08:49:26.559 [FXGL Background Thread 1 ] DEBUG UpdaterService       - Checking for updates
08:49:26.572 [FXGL Background Thread 1 ] DEBUG FXGLApplication      - Loading default localization
08:49:26.573 [FXGL Background Thread 1 ] DEBUG FXGLAssetLoaderServi - Loading from file system: jar:file:///C:/Users/Oleg/.m2/repository/com/github/almasb/fxgl/17.3/fxgl-17.3.jar!/fxglassets/languages/english.lang
08:49:26.575 [FXGL Background Thread 4 ] DEBUG FXGLApplication      - Loading fonts
08:49:26.576 [FXGL Background Thread 4 ] DEBUG FXGLAssetLoaderServi - Loading from file system: jar:file:///C:/Users/Oleg/.m2/repository/com/github/almasb/fxgl/17.3/fxgl-17.3.jar!/fxglassets/ui/fonts/VarelaRound-Regular.ttf
08:49:26.641 [FXGL Background Thread 1 ] INFO  FXGLApplication      - FXGL initialization took: 1,297 sec
08:49:26.647 [FXGL Background Thread 4 ] DEBUG FXGLAssetLoaderServi - Loading from file system: jar:file:///C:/Users/Oleg/.m2/repository/com/github/almasb/fxgl/17.3/fxgl-17.3.jar!/fxglassets/ui/fonts/Abel-Regular.ttf
08:49:26.657 [JavaFX Application Thread] DEBUG Input                - Registered new binding: Up - W
08:49:26.657 [JavaFX Application Thread] DEBUG Input                - Registered new binding: Down - S
08:49:26.657 [JavaFX Application Thread] DEBUG Input                - Registered new binding: Left - A
08:49:26.657 [JavaFX Application Thread] DEBUG Input                - Registered new binding: Right - D
08:49:26.659 [JavaFX Application Thread] DEBUG Input                - Registered new binding: Shoot - LMB
08:49:26.659 [JavaFX Application Thread] DEBUG Input                - Registered new binding: Create Bot - RMB
08:49:26.660 [JavaFX Application Thread] DEBUG FXGLAssetLoaderServi - Loading from file system: jar:file:///C:/Users/Oleg/.m2/repository/com/github/almasb/fxgl/17.3/fxgl-17.3.jar!/fxglassets/textures/fxgl_icon.png
08:49:26.707 [JavaFX Application Thread] DEBUG FXGLAssetLoaderServi - Loading from file system: jar:file:///C:/Users/Oleg/.m2/repository/com/github/almasb/fxgl/17.3/fxgl-17.3.jar!/fxglassets/textures/fxgl_default_cursor.png
08:49:26.723 [JavaFX Application Thread] DEBUG Input                - Registered new binding: Screenshot - CTRL+8
08:49:26.729 [JavaFX Application Thread] DEBUG Input                - Registered new binding: System info dump - CTRL+9
08:49:26.729 [JavaFX Application Thread] DEBUG Input                - Registered new binding: Restart - CTRL+R
08:49:26.730 [JavaFX Application Thread] DEBUG Input                - Registered new binding: Toggle Debug Camera - CTRL+7
08:49:26.733 [JavaFX Application Thread] DEBUG LoopRunner           - Starting loop
08:49:26.733 [JavaFX Application Thread] DEBUG LoopRunner           - Initializing JavaFX AnimationTimerLoop
08:49:26.738 [JavaFX Application Thread] DEBUG Input                - Clearing active input actions
08:49:26.783 [FXGL Background Thread 4 ] DEBUG FXGLAssetLoaderServi - Loading from file system: jar:file:///C:/Users/Oleg/.m2/repository/com/github/almasb/fxgl/17.3/fxgl-17.3.jar!/fxglassets/ui/fonts/TerminalLandMono-Regular.otf
08:49:26.797 [JavaFX Application Thread] DEBUG GameApplicationServi - Removing overlay from FXGLStartupScene and adding to FXGLMainMenuDummyScene
08:49:26.798 [JavaFX Application Thread] DEBUG PrimaryStageWindow   - FXGLStartupScene -> FXGLMainMenuDummyScene
08:49:26.799 [JavaFX Application Thread] DEBUG PrimaryStageWindow   - Push state: DroidsMainMenu
08:49:26.799 [JavaFX Application Thread] DEBUG Input                - Clearing active input actions
08:49:26.805 [JavaFX Application Thread] DEBUG GameApplicationServi - Removing overlay from FXGLMainMenuDummyScene and adding to DroidsMainMenu
08:49:26.808 [JavaFX Application Thread] DEBUG PrimaryStageWindow   - FXGLMainMenuDummyScene -> DroidsMainMenu
08:49:26.809 [FXGL Background Thread 4 ] DEBUG FXGLAssetLoaderServi - Loading from file system: jar:file:///C:/Users/Oleg/.m2/repository/com/github/almasb/fxgl/17.3/fxgl-17.3.jar!/fxglassets/ui/fonts/Courier-Prime.ttf
08:49:26.852 [JavaFX Application Thread] DEBUG FXGLApplication      - Registering font factories with UI factory
08:49:27.064 [FXGL Background Thread 2 ] WARN  UpdaterService       - Failed to find updates: java.net.UnknownHostException: raw.githubusercontent.com
08:49:29.569 [FXGL Background Thread 3 ] DEBUG Engine               - Logging environment variables
08:49:29.572 [FXGL Background Thread 3 ] DEBUG Engine               - achievements: []
08:49:29.572 [FXGL Background Thread 3 ] DEBUG Engine               - actualHeight: 720.0
08:49:29.572 [FXGL Background Thread 3 ] DEBUG Engine               - actualHeightProperty: ReadOnlyDoubleProperty [value: 720.0]
08:49:29.573 [FXGL Background Thread 3 ] DEBUG Engine               - actualWidth: 1280.0
08:49:29.573 [FXGL Background Thread 3 ] DEBUG Engine               - actualWidthProperty: ReadOnlyDoubleProperty [value: 1280.0]
08:49:29.573 [FXGL Background Thread 3 ] DEBUG Engine               - appIcon: fxgl_icon.png
08:49:29.573 [FXGL Background Thread 3 ] DEBUG Engine               - applicationMode: DEVELOPER
08:49:29.573 [FXGL Background Thread 3 ] DEBUG Engine               - cSSList: [fxgl_dark.css]
08:49:29.573 [FXGL Background Thread 3 ] DEBUG Engine               - collisionDetectionStrategy: BRUTE_FORCE
08:49:29.574 [FXGL Background Thread 3 ] DEBUG Engine               - configClass: Optional.empty
08:49:29.574 [FXGL Background Thread 3 ] DEBUG Engine               - credits: []
08:49:29.574 [FXGL Background Thread 3 ] DEBUG Engine               - defaultCursor: CursorInfo(imageName=fxgl_default_cursor.png, hotspotX=7.0, hotspotY=6.0)
08:49:29.574 [FXGL Background Thread 3 ] DEBUG Engine               - devBBoxColorProperty: ObjectProperty [value: 0xff0000ff]
08:49:29.575 [FXGL Background Thread 3 ] DEBUG Engine               - devEnableDebugCameraProperty: BooleanProperty [value: false]
08:49:29.575 [FXGL Background Thread 3 ] DEBUG Engine               - devSensorColorProperty: ObjectProperty [value: 0xffff00ff]
08:49:29.575 [FXGL Background Thread 3 ] DEBUG Engine               - devShowBBoxProperty: BooleanProperty [value: false]
08:49:29.575 [FXGL Background Thread 3 ] DEBUG Engine               - devShowPositionProperty: BooleanProperty [value: false]
08:49:29.575 [FXGL Background Thread 3 ] DEBUG Engine               - enabledMenuItems: []
08:49:29.576 [FXGL Background Thread 3 ] DEBUG Engine               - engineServices: [class com.almasb.fxgl.app.services.FXGLAssetLoaderService, class com.almasb.fxgl.app.FXGLApplication$GameApplicationService, class com.almasb.fxgl.app.services.FXGLDialogService, class com.almasb.fxgl.app.services.IOTaskExecutorService, class com.almasb.fxgl.io.FileSystemService, class com.almasb.fxgl.localization.LocalizationService, class com.almasb.fxgl.app.services.SystemBundleService, class com.almasb.fxgl.profile.SaveLoadService, class com.almasb.fxgl.ui.FXGLUIFactoryServiceProvider, class com.almasb.fxgl.ui.FXGLDialogFactoryServiceProvider, class com.almasb.fxgl.audio.AudioPlayer, class com.almasb.fxgl.notification.impl.NotificationServiceProvider, class com.almasb.fxgl.achievement.AchievementService, class com.almasb.fxgl.cutscene.CutsceneService, class com.almasb.fxgl.minigames.MiniGameService, class com.almasb.fxgl.net.NetService, class com.almasb.fxgl.app.services.UpdaterService, class com.almasb.fxgl.dev.DevService]
08:49:29.577 [FXGL Background Thread 3 ] DEBUG Engine               - fontGame: Abel-Regular.ttf
08:49:29.577 [FXGL Background Thread 3 ] DEBUG Engine               - fontMono: TerminalLandMono-Regular.otf
08:49:29.577 [FXGL Background Thread 3 ] DEBUG Engine               - fontSizeScaleUI: 1.0
08:49:29.577 [FXGL Background Thread 3 ] DEBUG Engine               - fontText: Courier-Prime.ttf
08:49:29.577 [FXGL Background Thread 3 ] DEBUG Engine               - fontUI: VarelaRound-Regular.ttf
08:49:29.577 [FXGL Background Thread 3 ] DEBUG Engine               - fullScreen: BooleanProperty [value: false]
08:49:29.578 [FXGL Background Thread 3 ] DEBUG Engine               - gameDifficulty: MEDIUM
08:49:29.578 [FXGL Background Thread 3 ] DEBUG Engine               - gameDifficultyProperty: ObjectProperty [value: MEDIUM]
08:49:29.578 [FXGL Background Thread 3 ] DEBUG Engine               - globalMusicVolume: 0.5
08:49:29.579 [FXGL Background Thread 3 ] DEBUG Engine               - globalMusicVolumeProperty: DoubleProperty [value: 0.5]
08:49:29.579 [FXGL Background Thread 3 ] DEBUG Engine               - globalSoundVolume: 0.5
08:49:29.579 [FXGL Background Thread 3 ] DEBUG Engine               - globalSoundVolumeProperty: DoubleProperty [value: 0.5]
08:49:29.579 [FXGL Background Thread 3 ] DEBUG Engine               - height: 720
08:49:29.579 [FXGL Background Thread 3 ] DEBUG Engine               - is3D: false
08:49:29.580 [FXGL Background Thread 3 ] DEBUG Engine               - isAndroid: false
08:49:29.580 [FXGL Background Thread 3 ] DEBUG Engine               - isBrowser: false
08:49:29.580 [FXGL Background Thread 3 ] DEBUG Engine               - isClickFeedbackEnabled: false
08:49:29.580 [FXGL Background Thread 3 ] DEBUG Engine               - isCloseConfirmation: false
08:49:29.580 [FXGL Background Thread 3 ] DEBUG Engine               - isDesktop: true
08:49:29.580 [FXGL Background Thread 3 ] DEBUG Engine               - isDeveloperMenuEnabled: false
08:49:29.580 [FXGL Background Thread 3 ] DEBUG Engine               - isEmbedded: false
08:49:29.580 [FXGL Background Thread 3 ] DEBUG Engine               - isEntityPreloadEnabled: true
08:49:29.580 [FXGL Background Thread 3 ] DEBUG Engine               - isExperimentalTiledLargeMap: false
08:49:29.580 [FXGL Background Thread 3 ] DEBUG Engine               - isFileSystemWriteAllowed: true
08:49:29.580 [FXGL Background Thread 3 ] DEBUG Engine               - isFullScreenAllowed: false
08:49:29.581 [FXGL Background Thread 3 ] DEBUG Engine               - isFullScreenFromStart: false
08:49:29.581 [FXGL Background Thread 3 ] DEBUG Engine               - isGameMenuEnabled: true
08:49:29.581 [FXGL Background Thread 3 ] DEBUG Engine               - isIOS: false
08:49:29.581 [FXGL Background Thread 3 ] DEBUG Engine               - isIntroEnabled: false
08:49:29.581 [FXGL Background Thread 3 ] DEBUG Engine               - isLinux: false
08:49:29.581 [FXGL Background Thread 3 ] DEBUG Engine               - isMac: false
08:49:29.581 [FXGL Background Thread 3 ] DEBUG Engine               - isMainMenuEnabled: true
08:49:29.581 [FXGL Background Thread 3 ] DEBUG Engine               - isManualResizeEnabled: false
08:49:29.581 [FXGL Background Thread 3 ] DEBUG Engine               - isMobile: false
08:49:29.581 [FXGL Background Thread 3 ] DEBUG Engine               - isNative: false
08:49:29.581 [FXGL Background Thread 3 ] DEBUG Engine               - isPauseMusicWhenMinimized: true
08:49:29.581 [FXGL Background Thread 3 ] DEBUG Engine               - isPreserveResizeRatio: false
08:49:29.581 [FXGL Background Thread 3 ] DEBUG Engine               - isProfilingEnabled: false
08:49:29.582 [FXGL Background Thread 3 ] DEBUG Engine               - isScaleAffectedOnResize: true
08:49:29.582 [FXGL Background Thread 3 ] DEBUG Engine               - isSingleStep: false
08:49:29.582 [FXGL Background Thread 3 ] DEBUG Engine               - isUserProfileEnabled: false
08:49:29.582 [FXGL Background Thread 3 ] DEBUG Engine               - isWindows: true
08:49:29.582 [FXGL Background Thread 3 ] DEBUG Engine               - language: ObjectProperty [value: ENGLISH]
08:49:29.582 [FXGL Background Thread 3 ] DEBUG Engine               - menuKey: ESCAPE
08:49:29.582 [FXGL Background Thread 3 ] DEBUG Engine               - mouseSensitivity: 0.2
08:49:29.582 [FXGL Background Thread 3 ] DEBUG Engine               - notificationViewClass: class com.almasb.fxgl.notification.view.XboxNotificationView
08:49:29.582 [FXGL Background Thread 3 ] DEBUG Engine               - pixelsPerMeter: 50.0
08:49:29.582 [FXGL Background Thread 3 ] DEBUG Engine               - platform: WINDOWS
08:49:29.582 [FXGL Background Thread 3 ] DEBUG Engine               - prefHeightProperty: ReadOnlyDoubleProperty [value: 720.0]
08:49:29.583 [FXGL Background Thread 3 ] DEBUG Engine               - prefWidthProperty: ReadOnlyDoubleProperty [value: 1280.0]
08:49:29.583 [FXGL Background Thread 3 ] DEBUG Engine               - profileDir: profiles/
08:49:29.583 [FXGL Background Thread 3 ] DEBUG Engine               - profileName: StringProperty [value: DEFAULT]
08:49:29.583 [FXGL Background Thread 3 ] DEBUG Engine               - randomSeed: -1
08:49:29.583 [FXGL Background Thread 3 ] DEBUG Engine               - runtimeInfo: RuntimeInfo(platform=WINDOWS, version=17.3, build=30.03.2023 11.49)
08:49:29.583 [FXGL Background Thread 3 ] DEBUG Engine               - saveFileExt: sav
08:49:29.584 [FXGL Background Thread 3 ] DEBUG Engine               - scaledHeightProp$fxgl: DoubleProperty [bound, value: 720.0]
08:49:29.584 [FXGL Background Thread 3 ] DEBUG Engine               - scaledWidthProp$fxgl: DoubleProperty [bound, value: 1280.0]
08:49:29.584 [FXGL Background Thread 3 ] DEBUG Engine               - sceneFactory: com.oleg.droids.DroidsApp$1@1441d1d3
08:49:29.584 [FXGL Background Thread 3 ] DEBUG Engine               - secondsIn24h: 60
08:49:29.584 [FXGL Background Thread 3 ] DEBUG Engine               - soundMenuBack: menu/back.wav
08:49:29.584 [FXGL Background Thread 3 ] DEBUG Engine               - soundMenuPress: menu/press.wav
08:49:29.584 [FXGL Background Thread 3 ] DEBUG Engine               - soundMenuSelect: menu/select.wav
08:49:29.584 [FXGL Background Thread 3 ] DEBUG Engine               - soundNotification: core/notification.wav
08:49:29.584 [FXGL Background Thread 3 ] DEBUG Engine               - stageStyle: DECORATED
08:49:29.584 [FXGL Background Thread 3 ] DEBUG Engine               - supportedLanguages: [ENGLISH, FRENCH, GERMAN, HUNGARIAN, RUSSIAN]
08:49:29.584 [FXGL Background Thread 3 ] DEBUG Engine               - ticksPerSecond: -1
08:49:29.585 [FXGL Background Thread 3 ] DEBUG Engine               - title: Droids
08:49:29.585 [FXGL Background Thread 3 ] DEBUG Engine               - urlGithub: https://github.com/AlmasB/FXGL
08:49:29.585 [FXGL Background Thread 3 ] DEBUG Engine               - urlLeaderboard: http://fxgl-top.herokuapp.com/
08:49:29.585 [FXGL Background Thread 3 ] DEBUG Engine               - urlPOM: https://raw.githubusercontent.com/AlmasB/FXGL/release/README.md
08:49:29.586 [FXGL Background Thread 3 ] DEBUG Engine               - userAppClass: class com.oleg.droids.DroidsApp
08:49:29.586 [FXGL Background Thread 3 ] DEBUG Engine               - version: 0.0
08:49:29.586 [FXGL Background Thread 3 ] DEBUG Engine               - versionCheckDays: 7
08:49:29.586 [FXGL Background Thread 3 ] DEBUG Engine               - width: 1280
08:49:29.586 [FXGL Background Thread 3 ] DEBUG Engine               - Logging services
08:49:29.586 [FXGL Background Thread 3 ] DEBUG Engine               - class com.almasb.fxgl.app.services.FXGLAssetLoaderService
08:49:29.586 [FXGL Background Thread 3 ] DEBUG Engine               - class com.almasb.fxgl.app.FXGLApplication$GameApplicationService
08:49:29.586 [FXGL Background Thread 3 ] DEBUG Engine               - class com.almasb.fxgl.app.services.FXGLDialogService
08:49:29.586 [FXGL Background Thread 3 ] DEBUG Engine               - class com.almasb.fxgl.app.services.IOTaskExecutorService
08:49:29.586 [FXGL Background Thread 3 ] DEBUG Engine               - class com.almasb.fxgl.io.FileSystemService
08:49:29.587 [FXGL Background Thread 3 ] DEBUG Engine               - class com.almasb.fxgl.localization.LocalizationService
08:49:29.590 [FXGL Background Thread 3 ] DEBUG Engine               - class com.almasb.fxgl.app.services.SystemBundleService
08:49:29.590 [FXGL Background Thread 3 ] DEBUG Engine               - class com.almasb.fxgl.profile.SaveLoadService
08:49:29.590 [FXGL Background Thread 3 ] DEBUG Engine               - class com.almasb.fxgl.ui.FXGLUIFactoryServiceProvider
08:49:29.590 [FXGL Background Thread 3 ] DEBUG Engine               - class com.almasb.fxgl.ui.FXGLDialogFactoryServiceProvider
08:49:29.590 [FXGL Background Thread 3 ] DEBUG Engine               - class com.almasb.fxgl.audio.AudioPlayer
08:49:29.590 [FXGL Background Thread 3 ] DEBUG Engine               - class com.almasb.fxgl.notification.impl.NotificationServiceProvider
08:49:29.591 [FXGL Background Thread 3 ] DEBUG Engine               - class com.almasb.fxgl.achievement.AchievementService
08:49:29.591 [FXGL Background Thread 3 ] DEBUG Engine               - class com.almasb.fxgl.cutscene.CutsceneService
08:49:29.591 [FXGL Background Thread 3 ] DEBUG Engine               - class com.almasb.fxgl.minigames.MiniGameService
08:49:29.591 [FXGL Background Thread 3 ] DEBUG Engine               - class com.almasb.fxgl.net.NetService
08:49:29.591 [FXGL Background Thread 3 ] DEBUG Engine               - class com.almasb.fxgl.app.services.UpdaterService
08:49:29.591 [FXGL Background Thread 3 ] DEBUG Engine               - class com.almasb.fxgl.dev.DevService
08:50:03.040 [JavaFX Application Thread] DEBUG Menu                 - fireNewGame()
08:50:03.041 [JavaFX Application Thread] DEBUG GameApplicationServi - Starting new game
08:50:03.041 [JavaFX Application Thread] DEBUG PrimaryStageWindow   - Pop state: DroidsMainMenu
08:50:03.041 [JavaFX Application Thread] DEBUG Input                - Clearing active input actions
08:50:03.042 [JavaFX Application Thread] DEBUG GameApplicationServi - Removing overlay from DroidsMainMenu and adding to FXGLMainMenuDummyScene
08:50:03.042 [JavaFX Application Thread] DEBUG PrimaryStageWindow   - FXGLMainMenuDummyScene <- DroidsMainMenu
08:50:03.042 [JavaFX Application Thread] DEBUG Input                - Clearing active input actions
08:50:03.050 [JavaFX Application Thread] DEBUG GameApplicationServi - Removing overlay from FXGLMainMenuDummyScene and adding to FXGLLoadingScene
08:50:03.050 [JavaFX Application Thread] DEBUG PrimaryStageWindow   - FXGLMainMenuDummyScene -> FXGLLoadingScene
08:50:03.050 [JavaFX Application Thread] DEBUG GameApplicationServi - Clearing previous game
08:50:03.050 [JavaFX Application Thread] DEBUG GameScene            - Clearing game scene
08:50:03.050 [JavaFX Application Thread] DEBUG GameWorld            - Clearing game world
08:50:03.050 [JavaFX Application Thread] DEBUG PhysicsWorld         - Clearing physics world
08:50:03.052 [FXGL Background Thread 2 ] DEBUG FXGLApplication      - Initializing game
08:50:03.092 [FXGL Background Thread 2 ] DEBUG FXGLAssetLoaderServi - Loading from file system: file:/C:/Users/Oleg/Desktop/FXGLGames-master/Droids/target/classes/assets/textures/Mortar_Blue.png
08:50:03.206 [FXGL Background Thread 2 ] DEBUG FXGLAssetLoaderServi - Loading from file system: file:/C:/Users/Oleg/Desktop/FXGLGames-master/Droids/target/classes/assets/textures/Gunner_Blue.png
08:50:03.226 [FXGL Background Thread 2 ] DEBUG FXGLAssetLoaderServi - Loading from file system: file:/C:/Users/Oleg/Desktop/FXGLGames-master/Droids/target/classes/assets/textures/Regular_Blue.png
08:50:03.236 [FXGL Background Thread 2 ] DEBUG FXGLAssetLoaderServi - Loading from file system: file:/C:/Users/Oleg/Desktop/FXGLGames-master/Droids/target/classes/assets/textures/Gunner_Red.png
08:50:03.243 [FXGL Background Thread 2 ] DEBUG FXGLAssetLoaderServi - Loading from file system: file:/C:/Users/Oleg/Desktop/FXGLGames-master/Droids/target/classes/assets/textures/Regular_Red.png
08:50:03.247 [FXGL Background Thread 2 ] DEBUG FXGLAssetLoaderServi - Loading from file system: file:/C:/Users/Oleg/Desktop/FXGLGames-master/Droids/target/classes/assets/textures/Mortar_Red.png
08:50:03.275 [FXGL Background Thread 2 ] INFO  FXGLApplication      - Game initialization took: 0,223 sec
08:50:03.287 [JavaFX Application Thread] DEBUG Input                - Clearing active input actions
08:50:03.297 [JavaFX Application Thread] DEBUG GameApplicationServi - Removing overlay from FXGLLoadingScene and adding to GameScene
08:50:03.298 [JavaFX Application Thread] DEBUG PrimaryStageWindow   - FXGLLoadingScene -> GameScene
08:50:19.233 [JavaFX Application Thread] DEBUG PrimaryStageWindow   - Push state: DialogSubScene
08:50:19.233 [JavaFX Application Thread] DEBUG Input                - Clearing active input actions
08:50:19.241 [JavaFX Application Thread] DEBUG GameApplicationServi - Removing overlay from GameScene and adding to DialogSubScene
08:50:19.241 [JavaFX Application Thread] DEBUG PrimaryStageWindow   - GameScene -> DialogSubScene
08:50:24.279 [JavaFX Application Thread] DEBUG PrimaryStageWindow   - Pop state: DialogSubScene
08:50:24.279 [JavaFX Application Thread] DEBUG Input                - Clearing active input actions
08:50:24.281 [JavaFX Application Thread] DEBUG GameApplicationServi - Removing overlay from DialogSubScene and adding to GameScene
08:50:24.281 [JavaFX Application Thread] DEBUG PrimaryStageWindow   - GameScene <- DialogSubScene
08:50:24.281 [JavaFX Application Thread] DEBUG FXGLApplication      - Exiting FXGL
08:50:24.281 [JavaFX Application Thread] DEBUG LoopRunner           - Stopping loop
08:50:24.281 [JavaFX Application Thread] DEBUG SystemBundleService  - Saving FXGL system data
08:50:24.286 [JavaFX Application Thread] DEBUG FileSystemAccess     - Writing to: C:\Users\Oleg\Desktop\FXGLGames-master\Droids\system\fxgl.bundle
08:50:24.290 [JavaFX Application Thread] DEBUG Async                - Shutting down background threads
08:50:24.290 [JavaFX Application Thread] DEBUG PrimaryStageWindow   - Closing main window
08:50:24.299 [JavaFX Application Thread] DEBUG Logger               - Closing Logger
