08:50:44.495 [main                     ] DEBUG Logger               - Configured Logger
08:50:44.536 [main                     ] DEBUG GameApplication      - Logging settings
Title: Droids
Version: 0.0
Width: 1280
Height: 720
Fullscreen: false
Intro: false
Profiling: false
Single step:false
App Mode: DEVELOPER
Menu Key: ESCAPE
Stage Style: DECORATED
Scene Factory: class com.oleg.droids.DroidsApp$1

08:50:45.012 [JavaFX Application Thread] DEBUG FXGLApplication      - Initializing FXGL
08:50:45.019 [JavaFX Application Thread] INFO  Engine               - FXGL-17.3 (30.03.2023 11.49) on WINDOWS (J:21 FX:17.0.2-ea)
08:50:45.019 [JavaFX Application Thread] DEBUG Engine               - JRE Vendor Name: Oracle Corporation
08:50:45.020 [JavaFX Application Thread] DEBUG Engine               - Running on OS: Windows 10 version 10.0
08:50:45.021 [JavaFX Application Thread] DEBUG Engine               - Architecture: amd64
08:50:45.021 [JavaFX Application Thread] INFO  Engine               - Source code and latest versions at: https://github.com/AlmasB/FXGL
08:50:45.021 [JavaFX Application Thread] INFO  Engine               -       Ask questions and discuss at: https://github.com/AlmasB/FXGL/discussions
08:50:45.021 [JavaFX Application Thread] INFO  Engine               -              Join the FXGL chat at: https://gitter.im/AlmasB/FXGL
08:50:45.177 [JavaFX Application Thread] DEBUG PrimaryStageWindow   - Creating a JavaFX scene
08:50:45.245 [JavaFX Application Thread] DEBUG PrimaryStageWindow   - Target settings size: 1280.0 x 720.0
08:50:45.245 [JavaFX Application Thread] DEBUG PrimaryStageWindow   - Scaled scene size:    1280.0 x 720.0
08:50:45.245 [JavaFX Application Thread] DEBUG PrimaryStageWindow   - Scaled ratio: (1.0, 1.0)
08:50:45.247 [JavaFX Application Thread] DEBUG PrimaryStageWindow   - Set initial scene to FXGLStartupScene
08:50:45.257 [JavaFX Application Thread] DEBUG PrimaryStageWindow   - Opening main window
08:50:45.383 [JavaFX Application Thread] DEBUG PrimaryStageWindow   - Window border size: (14.4000244140625, 37.5999755859375)
08:50:45.383 [JavaFX Application Thread] DEBUG PrimaryStageWindow   - Scaled size: 1280.0 x 720.0
08:50:45.384 [JavaFX Application Thread] DEBUG PrimaryStageWindow   - Scaled ratio: (1.0, 1.0)
08:50:45.384 [JavaFX Application Thread] DEBUG PrimaryStageWindow   - Scene size: 1280.0 x 720.0
08:50:45.385 [JavaFX Application Thread] DEBUG PrimaryStageWindow   - Stage size: 1294.4000244140625 x 757.5999755859375
08:50:45.397 [FXGL Background Thread 1 ] DEBUG Engine               - Initializing environment variables
08:50:45.494 [FXGL Background Thread 1 ] DEBUG FXGLAssetLoaderServi - User app class for loading assets: class com.oleg.droids.DroidsApp
08:50:45.495 [FXGL Background Thread 1 ] DEBUG GameApplicationServi - Applying CSS: fxgl_dark.css
08:50:45.497 [FXGL Background Thread 1 ] DEBUG FXGLAssetLoaderServi - Loading from file system: jar:file:///C:/Users/Oleg/.m2/repository/com/github/almasb/fxgl/17.3/fxgl-17.3.jar!/fxglassets/ui/css/fxgl_dark.css
08:50:45.583 [FXGL Background Thread 1 ] DEBUG GameApplicationServi - Initializing application scenes
08:50:45.730 [FXGL Background Thread 1 ] DEBUG GameWorld            - Game world initialized
08:50:45.830 [FXGL Background Thread 1 ] DEBUG PhysicsWorld         - Physics world initialized: appHeight=720, physics.ppm=50,0
08:50:45.831 [FXGL Background Thread 1 ] DEBUG PhysicsWorld         - Using strategy: BRUTE_FORCE
08:50:45.837 [FXGL Background Thread 1 ] DEBUG GameScene            - Game scene initialized: 1280x720
08:50:45.848 [FXGL Background Thread 1 ] DEBUG FXGLAssetLoaderServi - Loading from file system: file:/C:/Users/Oleg/Desktop/FXGLGames-master/Droids/target/classes/assets/textures/background.png
08:50:46.210 [FXGL Background Thread 1 ] DEBUG GameApplicationServi - Application scenes initialized
08:50:46.255 [FXGL Background Thread 1 ] DEBUG SystemBundleService  - Loading FXGL system data
08:50:46.262 [FXGL Background Thread 1 ] DEBUG FileSystemAccess     - Reading from: C:\Users\Oleg\Desktop\FXGLGames-master\Droids\system\fxgl.bundle
08:50:46.280 [FXGL Background Thread 1 ] DEBUG SystemBundleService  - Bundle FXGL: {}
08:50:46.281 [FXGL Background Thread 1 ] DEBUG UpdaterService       - Checking for updates
08:50:46.294 [FXGL Background Thread 1 ] DEBUG FXGLApplication      - Loading default localization
08:50:46.295 [FXGL Background Thread 1 ] DEBUG FXGLAssetLoaderServi - Loading from file system: jar:file:///C:/Users/Oleg/.m2/repository/com/github/almasb/fxgl/17.3/fxgl-17.3.jar!/fxglassets/languages/english.lang
08:50:46.316 [FXGL Background Thread 1 ] INFO  FXGLApplication      - FXGL initialization took: 0,919 sec
08:50:46.338 [JavaFX Application Thread] DEBUG Input                - Registered new binding: Up - W
08:50:46.339 [JavaFX Application Thread] DEBUG Input                - Registered new binding: Down - S
08:50:46.339 [JavaFX Application Thread] DEBUG Input                - Registered new binding: Left - A
08:50:46.339 [JavaFX Application Thread] DEBUG Input                - Registered new binding: Right - D
08:50:46.341 [JavaFX Application Thread] DEBUG Input                - Registered new binding: Shoot - LMB
08:50:46.341 [JavaFX Application Thread] DEBUG Input                - Registered new binding: Create Bot - RMB
08:50:46.342 [JavaFX Application Thread] DEBUG FXGLAssetLoaderServi - Loading from file system: jar:file:///C:/Users/Oleg/.m2/repository/com/github/almasb/fxgl/17.3/fxgl-17.3.jar!/fxglassets/textures/fxgl_icon.png
08:50:46.373 [JavaFX Application Thread] DEBUG FXGLAssetLoaderServi - Loading from file system: jar:file:///C:/Users/Oleg/.m2/repository/com/github/almasb/fxgl/17.3/fxgl-17.3.jar!/fxglassets/textures/fxgl_default_cursor.png
08:50:46.377 [JavaFX Application Thread] DEBUG Input                - Registered new binding: Screenshot - CTRL+8
08:50:46.378 [JavaFX Application Thread] DEBUG Input                - Registered new binding: System info dump - CTRL+9
08:50:46.378 [JavaFX Application Thread] DEBUG Input                - Registered new binding: Restart - CTRL+R
08:50:46.379 [JavaFX Application Thread] DEBUG Input                - Registered new binding: Toggle Debug Camera - CTRL+7
08:50:46.386 [JavaFX Application Thread] DEBUG LoopRunner           - Starting loop
08:50:46.386 [JavaFX Application Thread] DEBUG LoopRunner           - Initializing JavaFX AnimationTimerLoop
08:50:46.391 [JavaFX Application Thread] DEBUG Input                - Clearing active input actions
08:50:46.402 [JavaFX Application Thread] DEBUG GameApplicationServi - Removing overlay from FXGLStartupScene and adding to FXGLMainMenuDummyScene
08:50:46.403 [JavaFX Application Thread] DEBUG PrimaryStageWindow   - FXGLStartupScene -> FXGLMainMenuDummyScene
08:50:46.403 [JavaFX Application Thread] DEBUG PrimaryStageWindow   - Push state: DroidsMainMenu
08:50:46.403 [JavaFX Application Thread] DEBUG Input                - Clearing active input actions
08:50:46.409 [JavaFX Application Thread] DEBUG GameApplicationServi - Removing overlay from FXGLMainMenuDummyScene and adding to DroidsMainMenu
08:50:46.409 [JavaFX Application Thread] DEBUG PrimaryStageWindow   - FXGLMainMenuDummyScene -> DroidsMainMenu
08:50:46.505 [FXGL Background Thread 4 ] DEBUG FXGLApplication      - Loading fonts
08:50:46.505 [FXGL Background Thread 4 ] DEBUG FXGLAssetLoaderServi - Loading from file system: jar:file:///C:/Users/Oleg/.m2/repository/com/github/almasb/fxgl/17.3/fxgl-17.3.jar!/fxglassets/ui/fonts/VarelaRound-Regular.ttf
08:50:46.545 [FXGL Background Thread 4 ] DEBUG FXGLAssetLoaderServi - Loading from file system: jar:file:///C:/Users/Oleg/.m2/repository/com/github/almasb/fxgl/17.3/fxgl-17.3.jar!/fxglassets/ui/fonts/Abel-Regular.ttf
08:50:46.552 [FXGL Background Thread 4 ] DEBUG FXGLAssetLoaderServi - Loading from file system: jar:file:///C:/Users/Oleg/.m2/repository/com/github/almasb/fxgl/17.3/fxgl-17.3.jar!/fxglassets/ui/fonts/TerminalLandMono-Regular.otf
08:50:46.557 [FXGL Background Thread 4 ] DEBUG FXGLAssetLoaderServi - Loading from file system: jar:file:///C:/Users/Oleg/.m2/repository/com/github/almasb/fxgl/17.3/fxgl-17.3.jar!/fxglassets/ui/fonts/Courier-Prime.ttf
08:50:46.565 [JavaFX Application Thread] DEBUG FXGLApplication      - Registering font factories with UI factory
08:50:46.794 [FXGL Background Thread 2 ] WARN  UpdaterService       - Failed to find updates: java.net.UnknownHostException: raw.githubusercontent.com
08:50:49.290 [FXGL Background Thread 3 ] DEBUG Engine               - Logging environment variables
08:50:49.292 [FXGL Background Thread 3 ] DEBUG Engine               - achievements: []
08:50:49.292 [FXGL Background Thread 3 ] DEBUG Engine               - actualHeight: 720.0
08:50:49.292 [FXGL Background Thread 3 ] DEBUG Engine               - actualHeightProperty: ReadOnlyDoubleProperty [value: 720.0]
08:50:49.292 [FXGL Background Thread 3 ] DEBUG Engine               - actualWidth: 1280.0
08:50:49.292 [FXGL Background Thread 3 ] DEBUG Engine               - actualWidthProperty: ReadOnlyDoubleProperty [value: 1280.0]
08:50:49.292 [FXGL Background Thread 3 ] DEBUG Engine               - appIcon: fxgl_icon.png
08:50:49.292 [FXGL Background Thread 3 ] DEBUG Engine               - applicationMode: DEVELOPER
08:50:49.292 [FXGL Background Thread 3 ] DEBUG Engine               - cSSList: [fxgl_dark.css]
08:50:49.292 [FXGL Background Thread 3 ] DEBUG Engine               - collisionDetectionStrategy: BRUTE_FORCE
08:50:49.292 [FXGL Background Thread 3 ] DEBUG Engine               - configClass: Optional.empty
08:50:49.293 [FXGL Background Thread 3 ] DEBUG Engine               - credits: []
08:50:49.293 [FXGL Background Thread 3 ] DEBUG Engine               - defaultCursor: CursorInfo(imageName=fxgl_default_cursor.png, hotspotX=7.0, hotspotY=6.0)
08:50:49.293 [FXGL Background Thread 3 ] DEBUG Engine               - devBBoxColorProperty: ObjectProperty [value: 0xff0000ff]
08:50:49.293 [FXGL Background Thread 3 ] DEBUG Engine               - devEnableDebugCameraProperty: BooleanProperty [value: false]
08:50:49.293 [FXGL Background Thread 3 ] DEBUG Engine               - devSensorColorProperty: ObjectProperty [value: 0xffff00ff]
08:50:49.293 [FXGL Background Thread 3 ] DEBUG Engine               - devShowBBoxProperty: BooleanProperty [value: false]
08:50:49.293 [FXGL Background Thread 3 ] DEBUG Engine               - devShowPositionProperty: BooleanProperty [value: false]
08:50:49.294 [FXGL Background Thread 3 ] DEBUG Engine               - enabledMenuItems: []
08:50:49.294 [FXGL Background Thread 3 ] DEBUG Engine               - engineServices: [class com.almasb.fxgl.app.services.FXGLAssetLoaderService, class com.almasb.fxgl.app.FXGLApplication$GameApplicationService, class com.almasb.fxgl.app.services.FXGLDialogService, class com.almasb.fxgl.app.services.IOTaskExecutorService, class com.almasb.fxgl.io.FileSystemService, class com.almasb.fxgl.localization.LocalizationService, class com.almasb.fxgl.app.services.SystemBundleService, class com.almasb.fxgl.profile.SaveLoadService, class com.almasb.fxgl.ui.FXGLUIFactoryServiceProvider, class com.almasb.fxgl.ui.FXGLDialogFactoryServiceProvider, class com.almasb.fxgl.audio.AudioPlayer, class com.almasb.fxgl.notification.impl.NotificationServiceProvider, class com.almasb.fxgl.achievement.AchievementService, class com.almasb.fxgl.cutscene.CutsceneService, class com.almasb.fxgl.minigames.MiniGameService, class com.almasb.fxgl.net.NetService, class com.almasb.fxgl.app.services.UpdaterService, class com.almasb.fxgl.dev.DevService]
08:50:49.294 [FXGL Background Thread 3 ] DEBUG Engine               - fontGame: Abel-Regular.ttf
08:50:49.294 [FXGL Background Thread 3 ] DEBUG Engine               - fontMono: TerminalLandMono-Regular.otf
08:50:49.294 [FXGL Background Thread 3 ] DEBUG Engine               - fontSizeScaleUI: 1.0
08:50:49.294 [FXGL Background Thread 3 ] DEBUG Engine               - fontText: Courier-Prime.ttf
08:50:49.294 [FXGL Background Thread 3 ] DEBUG Engine               - fontUI: VarelaRound-Regular.ttf
08:50:49.294 [FXGL Background Thread 3 ] DEBUG Engine               - fullScreen: BooleanProperty [value: false]
08:50:49.294 [FXGL Background Thread 3 ] DEBUG Engine               - gameDifficulty: MEDIUM
08:50:49.294 [FXGL Background Thread 3 ] DEBUG Engine               - gameDifficultyProperty: ObjectProperty [value: MEDIUM]
08:50:49.294 [FXGL Background Thread 3 ] DEBUG Engine               - globalMusicVolume: 0.5
08:50:49.294 [FXGL Background Thread 3 ] DEBUG Engine               - globalMusicVolumeProperty: DoubleProperty [value: 0.5]
08:50:49.294 [FXGL Background Thread 3 ] DEBUG Engine               - globalSoundVolume: 0.5
08:50:49.294 [FXGL Background Thread 3 ] DEBUG Engine               - globalSoundVolumeProperty: DoubleProperty [value: 0.5]
08:50:49.294 [FXGL Background Thread 3 ] DEBUG Engine               - height: 720
08:50:49.294 [FXGL Background Thread 3 ] DEBUG Engine               - is3D: false
08:50:49.295 [FXGL Background Thread 3 ] DEBUG Engine               - isAndroid: false
08:50:49.295 [FXGL Background Thread 3 ] DEBUG Engine               - isBrowser: false
08:50:49.295 [FXGL Background Thread 3 ] DEBUG Engine               - isClickFeedbackEnabled: false
08:50:49.295 [FXGL Background Thread 3 ] DEBUG Engine               - isCloseConfirmation: false
08:50:49.295 [FXGL Background Thread 3 ] DEBUG Engine               - isDesktop: true
08:50:49.295 [FXGL Background Thread 3 ] DEBUG Engine               - isDeveloperMenuEnabled: false
08:50:49.295 [FXGL Background Thread 3 ] DEBUG Engine               - isEmbedded: false
08:50:49.295 [FXGL Background Thread 3 ] DEBUG Engine               - isEntityPreloadEnabled: true
08:50:49.295 [FXGL Background Thread 3 ] DEBUG Engine               - isExperimentalTiledLargeMap: false
08:50:49.295 [FXGL Background Thread 3 ] DEBUG Engine               - isFileSystemWriteAllowed: true
08:50:49.295 [FXGL Background Thread 3 ] DEBUG Engine               - isFullScreenAllowed: false
08:50:49.295 [FXGL Background Thread 3 ] DEBUG Engine               - isFullScreenFromStart: false
08:50:49.295 [FXGL Background Thread 3 ] DEBUG Engine               - isGameMenuEnabled: true
08:50:49.295 [FXGL Background Thread 3 ] DEBUG Engine               - isIOS: false
08:50:49.295 [FXGL Background Thread 3 ] DEBUG Engine               - isIntroEnabled: false
08:50:49.295 [FXGL Background Thread 3 ] DEBUG Engine               - isLinux: false
08:50:49.295 [FXGL Background Thread 3 ] DEBUG Engine               - isMac: false
08:50:49.295 [FXGL Background Thread 3 ] DEBUG Engine               - isMainMenuEnabled: true
08:50:49.296 [FXGL Background Thread 3 ] DEBUG Engine               - isManualResizeEnabled: false
08:50:49.296 [FXGL Background Thread 3 ] DEBUG Engine               - isMobile: false
08:50:49.296 [FXGL Background Thread 3 ] DEBUG Engine               - isNative: false
08:50:49.296 [FXGL Background Thread 3 ] DEBUG Engine               - isPauseMusicWhenMinimized: true
08:50:49.296 [FXGL Background Thread 3 ] DEBUG Engine               - isPreserveResizeRatio: false
08:50:49.296 [FXGL Background Thread 3 ] DEBUG Engine               - isProfilingEnabled: false
08:50:49.296 [FXGL Background Thread 3 ] DEBUG Engine               - isScaleAffectedOnResize: true
08:50:49.296 [FXGL Background Thread 3 ] DEBUG Engine               - isSingleStep: false
08:50:49.296 [FXGL Background Thread 3 ] DEBUG Engine               - isUserProfileEnabled: false
08:50:49.296 [FXGL Background Thread 3 ] DEBUG Engine               - isWindows: true
08:50:49.296 [FXGL Background Thread 3 ] DEBUG Engine               - language: ObjectProperty [value: ENGLISH]
08:50:49.296 [FXGL Background Thread 3 ] DEBUG Engine               - menuKey: ESCAPE
08:50:49.296 [FXGL Background Thread 3 ] DEBUG Engine               - mouseSensitivity: 0.2
08:50:49.296 [FXGL Background Thread 3 ] DEBUG Engine               - notificationViewClass: class com.almasb.fxgl.notification.view.XboxNotificationView
08:50:49.297 [FXGL Background Thread 3 ] DEBUG Engine               - pixelsPerMeter: 50.0
08:50:49.297 [FXGL Background Thread 3 ] DEBUG Engine               - platform: WINDOWS
08:50:49.297 [FXGL Background Thread 3 ] DEBUG Engine               - prefHeightProperty: ReadOnlyDoubleProperty [value: 720.0]
08:50:49.297 [FXGL Background Thread 3 ] DEBUG Engine               - prefWidthProperty: ReadOnlyDoubleProperty [value: 1280.0]
08:50:49.297 [FXGL Background Thread 3 ] DEBUG Engine               - profileDir: profiles/
08:50:49.297 [FXGL Background Thread 3 ] DEBUG Engine               - profileName: StringProperty [value: DEFAULT]
08:50:49.297 [FXGL Background Thread 3 ] DEBUG Engine               - randomSeed: -1
08:50:49.297 [FXGL Background Thread 3 ] DEBUG Engine               - runtimeInfo: RuntimeInfo(platform=WINDOWS, version=17.3, build=30.03.2023 11.49)
08:50:49.298 [FXGL Background Thread 3 ] DEBUG Engine               - saveFileExt: sav
08:50:49.298 [FXGL Background Thread 3 ] DEBUG Engine               - scaledHeightProp$fxgl: DoubleProperty [bound, value: 720.0]
08:50:49.298 [FXGL Background Thread 3 ] DEBUG Engine               - scaledWidthProp$fxgl: DoubleProperty [bound, value: 1280.0]
08:50:49.298 [FXGL Background Thread 3 ] DEBUG Engine               - sceneFactory: com.oleg.droids.DroidsApp$1@66a91dd7
08:50:49.298 [FXGL Background Thread 3 ] DEBUG Engine               - secondsIn24h: 60
08:50:49.298 [FXGL Background Thread 3 ] DEBUG Engine               - soundMenuBack: menu/back.wav
08:50:49.298 [FXGL Background Thread 3 ] DEBUG Engine               - soundMenuPress: menu/press.wav
08:50:49.298 [FXGL Background Thread 3 ] DEBUG Engine               - soundMenuSelect: menu/select.wav
08:50:49.298 [FXGL Background Thread 3 ] DEBUG Engine               - soundNotification: core/notification.wav
08:50:49.298 [FXGL Background Thread 3 ] DEBUG Engine               - stageStyle: DECORATED
08:50:49.298 [FXGL Background Thread 3 ] DEBUG Engine               - supportedLanguages: [ENGLISH, FRENCH, GERMAN, HUNGARIAN, RUSSIAN]
08:50:49.298 [FXGL Background Thread 3 ] DEBUG Engine               - ticksPerSecond: -1
08:50:49.299 [FXGL Background Thread 3 ] DEBUG Engine               - title: Droids
08:50:49.299 [FXGL Background Thread 3 ] DEBUG Engine               - urlGithub: https://github.com/AlmasB/FXGL
08:50:49.299 [FXGL Background Thread 3 ] DEBUG Engine               - urlLeaderboard: http://fxgl-top.herokuapp.com/
08:50:49.299 [FXGL Background Thread 3 ] DEBUG Engine               - urlPOM: https://raw.githubusercontent.com/AlmasB/FXGL/release/README.md
08:50:49.299 [FXGL Background Thread 3 ] DEBUG Engine               - userAppClass: class com.oleg.droids.DroidsApp
08:50:49.299 [FXGL Background Thread 3 ] DEBUG Engine               - version: 0.0
08:50:49.299 [FXGL Background Thread 3 ] DEBUG Engine               - versionCheckDays: 7
08:50:49.299 [FXGL Background Thread 3 ] DEBUG Engine               - width: 1280
08:50:49.299 [FXGL Background Thread 3 ] DEBUG Engine               - Logging services
08:50:49.299 [FXGL Background Thread 3 ] DEBUG Engine               - class com.almasb.fxgl.app.services.FXGLAssetLoaderService
08:50:49.299 [FXGL Background Thread 3 ] DEBUG Engine               - class com.almasb.fxgl.app.FXGLApplication$GameApplicationService
08:50:49.299 [FXGL Background Thread 3 ] DEBUG Engine               - class com.almasb.fxgl.app.services.FXGLDialogService
08:50:49.299 [FXGL Background Thread 3 ] DEBUG Engine               - class com.almasb.fxgl.app.services.IOTaskExecutorService
08:50:49.299 [FXGL Background Thread 3 ] DEBUG Engine               - class com.almasb.fxgl.io.FileSystemService
08:50:49.299 [FXGL Background Thread 3 ] DEBUG Engine               - class com.almasb.fxgl.localization.LocalizationService
08:50:49.300 [FXGL Background Thread 3 ] DEBUG Engine               - class com.almasb.fxgl.app.services.SystemBundleService
08:50:49.300 [FXGL Background Thread 3 ] DEBUG Engine               - class com.almasb.fxgl.profile.SaveLoadService
08:50:49.300 [FXGL Background Thread 3 ] DEBUG Engine               - class com.almasb.fxgl.ui.FXGLUIFactoryServiceProvider
08:50:49.300 [FXGL Background Thread 3 ] DEBUG Engine               - class com.almasb.fxgl.ui.FXGLDialogFactoryServiceProvider
08:50:49.300 [FXGL Background Thread 3 ] DEBUG Engine               - class com.almasb.fxgl.audio.AudioPlayer
08:50:49.300 [FXGL Background Thread 3 ] DEBUG Engine               - class com.almasb.fxgl.notification.impl.NotificationServiceProvider
08:50:49.300 [FXGL Background Thread 3 ] DEBUG Engine               - class com.almasb.fxgl.achievement.AchievementService
08:50:49.300 [FXGL Background Thread 3 ] DEBUG Engine               - class com.almasb.fxgl.cutscene.CutsceneService
08:50:49.300 [FXGL Background Thread 3 ] DEBUG Engine               - class com.almasb.fxgl.minigames.MiniGameService
08:50:49.300 [FXGL Background Thread 3 ] DEBUG Engine               - class com.almasb.fxgl.net.NetService
08:50:49.300 [FXGL Background Thread 3 ] DEBUG Engine               - class com.almasb.fxgl.app.services.UpdaterService
08:50:49.300 [FXGL Background Thread 3 ] DEBUG Engine               - class com.almasb.fxgl.dev.DevService
08:50:49.675 [JavaFX Application Thread] DEBUG Menu                 - fireExit()
08:50:49.685 [JavaFX Application Thread] DEBUG PrimaryStageWindow   - Push state: DialogSubScene
08:50:49.685 [JavaFX Application Thread] DEBUG Input                - Clearing active input actions
08:50:49.689 [JavaFX Application Thread] DEBUG GameApplicationServi - Removing overlay from DroidsMainMenu and adding to DialogSubScene
08:50:49.689 [JavaFX Application Thread] DEBUG PrimaryStageWindow   - DroidsMainMenu -> DialogSubScene
08:50:52.120 [JavaFX Application Thread] DEBUG PrimaryStageWindow   - Pop state: DialogSubScene
08:50:52.120 [JavaFX Application Thread] DEBUG Input                - Clearing active input actions
08:50:52.121 [JavaFX Application Thread] DEBUG GameApplicationServi - Removing overlay from DialogSubScene and adding to DroidsMainMenu
08:50:52.122 [JavaFX Application Thread] DEBUG PrimaryStageWindow   - DroidsMainMenu <- DialogSubScene
08:50:52.122 [JavaFX Application Thread] DEBUG FXGLApplication      - Exiting FXGL
08:50:52.122 [JavaFX Application Thread] DEBUG LoopRunner           - Stopping loop
08:50:52.123 [JavaFX Application Thread] DEBUG SystemBundleService  - Saving FXGL system data
08:50:52.126 [JavaFX Application Thread] DEBUG FileSystemAccess     - Writing to: C:\Users\Oleg\Desktop\FXGLGames-master\Droids\system\fxgl.bundle
08:50:52.128 [JavaFX Application Thread] DEBUG Async                - Shutting down background threads
08:50:52.129 [JavaFX Application Thread] DEBUG PrimaryStageWindow   - Closing main window
08:50:52.144 [JavaFX Application Thread] DEBUG Logger               - Closing Logger
