09:43:43.934 [main                     ] DEBUG Logger               - Configured Logger
09:43:43.973 [main                     ] DEBUG GameApplication      - Logging settings
Title: Droids
Version: 0.0
Width: 1280
Height: 720
Fullscreen: false
Intro: false
Profiling: false
Single step:false
App Mode: DEVELOPER
Menu Key: ESCAPE
Stage Style: DECORATED
Scene Factory: class com.oleg.droids.DroidsApp$1

09:43:44.473 [JavaFX Application Thread] DEBUG FXGLApplication      - Initializing FXGL
09:43:44.479 [JavaFX Application Thread] INFO  Engine               - FXGL-17.3 (30.03.2023 11.49) on WINDOWS (J:21 FX:17.0.2-ea)
09:43:44.480 [JavaFX Application Thread] DEBUG Engine               - JRE Vendor Name: Oracle Corporation
09:43:44.481 [JavaFX Application Thread] DEBUG Engine               - Running on OS: Windows 10 version 10.0
09:43:44.481 [JavaFX Application Thread] DEBUG Engine               - Architecture: amd64
09:43:44.481 [JavaFX Application Thread] INFO  Engine               - Source code and latest versions at: https://github.com/AlmasB/FXGL
09:43:44.481 [JavaFX Application Thread] INFO  Engine               -       Ask questions and discuss at: https://github.com/AlmasB/FXGL/discussions
09:43:44.481 [JavaFX Application Thread] INFO  Engine               -              Join the FXGL chat at: https://gitter.im/AlmasB/FXGL
09:43:44.611 [JavaFX Application Thread] DEBUG PrimaryStageWindow   - Creating a JavaFX scene
09:43:44.675 [JavaFX Application Thread] DEBUG PrimaryStageWindow   - Target settings size: 1280.0 x 720.0
09:43:44.675 [JavaFX Application Thread] DEBUG PrimaryStageWindow   - Scaled scene size:    1280.0 x 720.0
09:43:44.675 [JavaFX Application Thread] DEBUG PrimaryStageWindow   - Scaled ratio: (1.0, 1.0)
09:43:44.677 [JavaFX Application Thread] DEBUG PrimaryStageWindow   - Set initial scene to FXGLStartupScene
09:43:44.693 [JavaFX Application Thread] DEBUG PrimaryStageWindow   - Opening main window
09:43:44.805 [JavaFX Application Thread] DEBUG PrimaryStageWindow   - Window border size: (14.4000244140625, 37.5999755859375)
09:43:44.806 [JavaFX Application Thread] DEBUG PrimaryStageWindow   - Scaled size: 1280.0 x 720.0
09:43:44.806 [JavaFX Application Thread] DEBUG PrimaryStageWindow   - Scaled ratio: (1.0, 1.0)
09:43:44.807 [JavaFX Application Thread] DEBUG PrimaryStageWindow   - Scene size: 1280.0 x 720.0
09:43:44.807 [JavaFX Application Thread] DEBUG PrimaryStageWindow   - Stage size: 1294.4000244140625 x 757.5999755859375
09:43:44.820 [FXGL Background Thread 1 ] DEBUG Engine               - Initializing environment variables
09:43:44.920 [FXGL Background Thread 1 ] DEBUG FXGLAssetLoaderServi - User app class for loading assets: class com.oleg.droids.DroidsApp
09:43:44.920 [FXGL Background Thread 1 ] DEBUG GameApplicationServi - Applying CSS: fxgl_dark.css
09:43:44.922 [FXGL Background Thread 1 ] DEBUG FXGLAssetLoaderServi - Loading from file system: jar:file:///C:/Users/Oleg/.m2/repository/com/github/almasb/fxgl/17.3/fxgl-17.3.jar!/fxglassets/ui/css/fxgl_dark.css
09:43:45.015 [FXGL Background Thread 1 ] DEBUG GameApplicationServi - Initializing application scenes
09:43:45.155 [FXGL Background Thread 1 ] DEBUG GameWorld            - Game world initialized
09:43:45.250 [FXGL Background Thread 1 ] DEBUG PhysicsWorld         - Physics world initialized: appHeight=720, physics.ppm=50,0
09:43:45.251 [FXGL Background Thread 1 ] DEBUG PhysicsWorld         - Using strategy: BRUTE_FORCE
09:43:45.258 [FXGL Background Thread 1 ] DEBUG GameScene            - Game scene initialized: 1280x720
09:43:45.270 [FXGL Background Thread 1 ] DEBUG FXGLAssetLoaderServi - Loading from file system: file:/C:/Users/Oleg/Desktop/FXGLGames-master/Droids/target/classes/assets/textures/background.png
09:43:45.604 [FXGL Background Thread 1 ] DEBUG GameApplicationServi - Application scenes initialized
09:43:45.628 [FXGL Background Thread 1 ] DEBUG SystemBundleService  - Loading FXGL system data
09:43:45.635 [FXGL Background Thread 1 ] DEBUG FileSystemAccess     - Reading from: C:\Users\Oleg\Desktop\FXGLGames-master\Droids\system\fxgl.bundle
09:43:45.650 [FXGL Background Thread 1 ] DEBUG SystemBundleService  - Bundle FXGL: {}
09:43:45.650 [FXGL Background Thread 1 ] DEBUG UpdaterService       - Checking for updates
09:43:45.659 [FXGL Background Thread 1 ] DEBUG FXGLApplication      - Loading default localization
09:43:45.660 [FXGL Background Thread 1 ] DEBUG FXGLAssetLoaderServi - Loading from file system: jar:file:///C:/Users/Oleg/.m2/repository/com/github/almasb/fxgl/17.3/fxgl-17.3.jar!/fxglassets/languages/english.lang
09:43:45.681 [FXGL Background Thread 4 ] DEBUG FXGLApplication      - Loading fonts
09:43:45.682 [FXGL Background Thread 4 ] DEBUG FXGLAssetLoaderServi - Loading from file system: jar:file:///C:/Users/Oleg/.m2/repository/com/github/almasb/fxgl/17.3/fxgl-17.3.jar!/fxglassets/ui/fonts/VarelaRound-Regular.ttf
09:43:45.683 [FXGL Background Thread 1 ] INFO  FXGLApplication      - FXGL initialization took: 0,863 sec
09:43:45.697 [JavaFX Application Thread] DEBUG Input                - Registered new binding: Up - W
09:43:45.697 [JavaFX Application Thread] DEBUG Input                - Registered new binding: Down - S
09:43:45.698 [JavaFX Application Thread] DEBUG Input                - Registered new binding: Left - A
09:43:45.698 [JavaFX Application Thread] DEBUG Input                - Registered new binding: Right - D
09:43:45.699 [JavaFX Application Thread] DEBUG Input                - Registered new binding: Shoot - LMB
09:43:45.700 [JavaFX Application Thread] DEBUG FXGLAssetLoaderServi - Loading from file system: jar:file:///C:/Users/Oleg/.m2/repository/com/github/almasb/fxgl/17.3/fxgl-17.3.jar!/fxglassets/textures/fxgl_icon.png
09:43:45.732 [FXGL Background Thread 4 ] DEBUG FXGLAssetLoaderServi - Loading from file system: jar:file:///C:/Users/Oleg/.m2/repository/com/github/almasb/fxgl/17.3/fxgl-17.3.jar!/fxglassets/ui/fonts/Abel-Regular.ttf
09:43:45.737 [FXGL Background Thread 4 ] DEBUG FXGLAssetLoaderServi - Loading from file system: jar:file:///C:/Users/Oleg/.m2/repository/com/github/almasb/fxgl/17.3/fxgl-17.3.jar!/fxglassets/ui/fonts/TerminalLandMono-Regular.otf
09:43:45.742 [FXGL Background Thread 4 ] DEBUG FXGLAssetLoaderServi - Loading from file system: jar:file:///C:/Users/Oleg/.m2/repository/com/github/almasb/fxgl/17.3/fxgl-17.3.jar!/fxglassets/ui/fonts/Courier-Prime.ttf
09:43:45.770 [JavaFX Application Thread] DEBUG FXGLAssetLoaderServi - Loading from file system: jar:file:///C:/Users/Oleg/.m2/repository/com/github/almasb/fxgl/17.3/fxgl-17.3.jar!/fxglassets/textures/fxgl_default_cursor.png
09:43:45.781 [JavaFX Application Thread] DEBUG Input                - Registered new binding: Screenshot - CTRL+8
09:43:45.782 [JavaFX Application Thread] DEBUG Input                - Registered new binding: System info dump - CTRL+9
09:43:45.782 [JavaFX Application Thread] DEBUG Input                - Registered new binding: Restart - CTRL+R
09:43:45.786 [JavaFX Application Thread] DEBUG Input                - Registered new binding: Toggle Debug Camera - CTRL+7
09:43:45.792 [JavaFX Application Thread] DEBUG LoopRunner           - Starting loop
09:43:45.792 [JavaFX Application Thread] DEBUG LoopRunner           - Initializing JavaFX AnimationTimerLoop
09:43:45.795 [JavaFX Application Thread] DEBUG Input                - Clearing active input actions
09:43:45.805 [JavaFX Application Thread] DEBUG GameApplicationServi - Removing overlay from FXGLStartupScene and adding to FXGLMainMenuDummyScene
09:43:45.806 [JavaFX Application Thread] DEBUG PrimaryStageWindow   - FXGLStartupScene -> FXGLMainMenuDummyScene
09:43:45.807 [JavaFX Application Thread] DEBUG PrimaryStageWindow   - Push state: DroidsMainMenu
09:43:45.807 [JavaFX Application Thread] DEBUG Input                - Clearing active input actions
09:43:45.811 [JavaFX Application Thread] DEBUG GameApplicationServi - Removing overlay from FXGLMainMenuDummyScene and adding to DroidsMainMenu
09:43:45.812 [JavaFX Application Thread] DEBUG PrimaryStageWindow   - FXGLMainMenuDummyScene -> DroidsMainMenu
09:43:45.812 [JavaFX Application Thread] DEBUG FXGLApplication      - Registering font factories with UI factory
09:43:46.639 [JavaFX Application Thread] DEBUG FXGLApplication      - Exiting FXGL
09:43:46.639 [JavaFX Application Thread] DEBUG LoopRunner           - Stopping loop
09:43:46.640 [JavaFX Application Thread] DEBUG SystemBundleService  - Saving FXGL system data
09:43:46.643 [JavaFX Application Thread] DEBUG FileSystemAccess     - Writing to: C:\Users\Oleg\Desktop\FXGLGames-master\Droids\system\fxgl.bundle
09:43:46.647 [JavaFX Application Thread] DEBUG Async                - Shutting down background threads
09:43:46.647 [JavaFX Application Thread] DEBUG PrimaryStageWindow   - Closing main window
09:43:46.668 [JavaFX Application Thread] DEBUG Logger               - Closing Logger
