00:30:33.829 [main                     ] DEBUG Logger               - Configured Logger
00:30:33.877 [main                     ] DEBUG GameApplication      - Logging settings
Title: Droids
Version: 0.0
Width: 1280
Height: 720
Fullscreen: false
Intro: false
Profiling: false
Single step:false
App Mode: DEVELOPER
Menu Key: ESCAPE
Stage Style: DECORATED
Scene Factory: class com.oleg.droids.DroidsApp$1

00:30:34.352 [JavaFX Application Thread] DEBUG FXGLApplication      - Initializing FXGL
00:30:34.359 [JavaFX Application Thread] INFO  Engine               - FXGL-17.3 (30.03.2023 11.49) on WINDOWS (J:21 FX:17.0.2-ea)
00:30:34.360 [JavaFX Application Thread] DEBUG Engine               - JRE Vendor Name: Oracle Corporation
00:30:34.361 [JavaFX Application Thread] DEBUG Engine               - Running on OS: Windows 10 version 10.0
00:30:34.361 [JavaFX Application Thread] DEBUG Engine               - Architecture: amd64
00:30:34.361 [JavaFX Application Thread] INFO  Engine               - Source code and latest versions at: https://github.com/AlmasB/FXGL
00:30:34.361 [JavaFX Application Thread] INFO  Engine               -       Ask questions and discuss at: https://github.com/AlmasB/FXGL/discussions
00:30:34.362 [JavaFX Application Thread] INFO  Engine               -              Join the FXGL chat at: https://gitter.im/AlmasB/FXGL
00:30:34.513 [JavaFX Application Thread] DEBUG PrimaryStageWindow   - Creating a JavaFX scene
00:30:34.572 [JavaFX Application Thread] DEBUG PrimaryStageWindow   - Target settings size: 1280.0 x 720.0
00:30:34.572 [JavaFX Application Thread] DEBUG PrimaryStageWindow   - Scaled scene size:    1280.0 x 720.0
00:30:34.573 [JavaFX Application Thread] DEBUG PrimaryStageWindow   - Scaled ratio: (1.0, 1.0)
00:30:34.574 [JavaFX Application Thread] DEBUG PrimaryStageWindow   - Set initial scene to FXGLStartupScene
00:30:34.585 [JavaFX Application Thread] DEBUG PrimaryStageWindow   - Opening main window
00:30:34.696 [JavaFX Application Thread] DEBUG PrimaryStageWindow   - Window border size: (14.4000244140625, 37.5999755859375)
00:30:34.696 [JavaFX Application Thread] DEBUG PrimaryStageWindow   - Scaled size: 1280.0 x 720.0
00:30:34.696 [JavaFX Application Thread] DEBUG PrimaryStageWindow   - Scaled ratio: (1.0, 1.0)
00:30:34.697 [JavaFX Application Thread] DEBUG PrimaryStageWindow   - Scene size: 1280.0 x 720.0
00:30:34.697 [JavaFX Application Thread] DEBUG PrimaryStageWindow   - Stage size: 1294.4000244140625 x 757.5999755859375
00:30:34.709 [FXGL Background Thread 1 ] DEBUG Engine               - Initializing environment variables
00:30:34.797 [FXGL Background Thread 1 ] DEBUG FXGLAssetLoaderServi - User app class for loading assets: class com.oleg.droids.DroidsApp
00:30:34.797 [FXGL Background Thread 1 ] DEBUG GameApplicationServi - Applying CSS: fxgl_dark.css
00:30:34.799 [FXGL Background Thread 1 ] DEBUG FXGLAssetLoaderServi - Loading from file system: jar:file:///C:/Users/Oleg/.m2/repository/com/github/almasb/fxgl/17.3/fxgl-17.3.jar!/fxglassets/ui/css/fxgl_dark.css
00:30:34.897 [FXGL Background Thread 1 ] DEBUG GameApplicationServi - Initializing application scenes
00:30:35.025 [FXGL Background Thread 1 ] DEBUG GameWorld            - Game world initialized
00:30:35.126 [FXGL Background Thread 1 ] DEBUG PhysicsWorld         - Physics world initialized: appHeight=720, physics.ppm=50,0
00:30:35.126 [FXGL Background Thread 1 ] DEBUG PhysicsWorld         - Using strategy: BRUTE_FORCE
00:30:35.132 [FXGL Background Thread 1 ] DEBUG GameScene            - Game scene initialized: 1280x720
00:30:35.143 [FXGL Background Thread 1 ] DEBUG FXGLAssetLoaderServi - Loading from file system: file:/C:/Users/Oleg/Desktop/FXGLGames-master/Droids/target/classes/assets/textures/background.png
00:30:35.438 [FXGL Background Thread 1 ] DEBUG GameApplicationServi - Application scenes initialized
00:30:35.457 [FXGL Background Thread 1 ] DEBUG SystemBundleService  - Loading FXGL system data
00:30:35.463 [FXGL Background Thread 1 ] DEBUG FileSystemAccess     - Reading from: C:\Users\Oleg\Desktop\FXGLGames-master\Droids\system\fxgl.bundle
00:30:35.477 [FXGL Background Thread 1 ] DEBUG SystemBundleService  - Bundle FXGL: {}
00:30:35.477 [FXGL Background Thread 1 ] DEBUG UpdaterService       - Checking for updates
00:30:35.487 [FXGL Background Thread 1 ] DEBUG FXGLApplication      - Loading default localization
00:30:35.489 [FXGL Background Thread 1 ] DEBUG FXGLAssetLoaderServi - Loading from file system: jar:file:///C:/Users/Oleg/.m2/repository/com/github/almasb/fxgl/17.3/fxgl-17.3.jar!/fxglassets/languages/english.lang
00:30:35.493 [FXGL Background Thread 4 ] DEBUG FXGLApplication      - Loading fonts
00:30:35.494 [FXGL Background Thread 4 ] DEBUG FXGLAssetLoaderServi - Loading from file system: jar:file:///C:/Users/Oleg/.m2/repository/com/github/almasb/fxgl/17.3/fxgl-17.3.jar!/fxglassets/ui/fonts/VarelaRound-Regular.ttf
00:30:35.533 [FXGL Background Thread 1 ] INFO  FXGLApplication      - FXGL initialization took: 0,825 sec
00:30:35.548 [FXGL Background Thread 4 ] DEBUG FXGLAssetLoaderServi - Loading from file system: jar:file:///C:/Users/Oleg/.m2/repository/com/github/almasb/fxgl/17.3/fxgl-17.3.jar!/fxglassets/ui/fonts/Abel-Regular.ttf
00:30:35.553 [JavaFX Application Thread] DEBUG Input                - Registered new binding: Up - W
00:30:35.553 [JavaFX Application Thread] DEBUG Input                - Registered new binding: Down - S
00:30:35.553 [JavaFX Application Thread] DEBUG Input                - Registered new binding: Left - A
00:30:35.553 [JavaFX Application Thread] DEBUG Input                - Registered new binding: Right - D
00:30:35.555 [JavaFX Application Thread] DEBUG Input                - Registered new binding: Shoot - LMB
00:30:35.555 [JavaFX Application Thread] DEBUG Input                - Registered new binding: Create Bot - RMB
00:30:35.556 [JavaFX Application Thread] DEBUG FXGLAssetLoaderServi - Loading from file system: jar:file:///C:/Users/Oleg/.m2/repository/com/github/almasb/fxgl/17.3/fxgl-17.3.jar!/fxglassets/textures/fxgl_icon.png
00:30:35.560 [FXGL Background Thread 4 ] DEBUG FXGLAssetLoaderServi - Loading from file system: jar:file:///C:/Users/Oleg/.m2/repository/com/github/almasb/fxgl/17.3/fxgl-17.3.jar!/fxglassets/ui/fonts/TerminalLandMono-Regular.otf
00:30:35.566 [FXGL Background Thread 4 ] DEBUG FXGLAssetLoaderServi - Loading from file system: jar:file:///C:/Users/Oleg/.m2/repository/com/github/almasb/fxgl/17.3/fxgl-17.3.jar!/fxglassets/ui/fonts/Courier-Prime.ttf
00:30:35.584 [JavaFX Application Thread] DEBUG FXGLAssetLoaderServi - Loading from file system: jar:file:///C:/Users/Oleg/.m2/repository/com/github/almasb/fxgl/17.3/fxgl-17.3.jar!/fxglassets/textures/fxgl_default_cursor.png
00:30:35.587 [JavaFX Application Thread] DEBUG Input                - Registered new binding: Screenshot - CTRL+8
00:30:35.588 [JavaFX Application Thread] DEBUG Input                - Registered new binding: System info dump - CTRL+9
00:30:35.588 [JavaFX Application Thread] DEBUG Input                - Registered new binding: Restart - CTRL+R
00:30:35.589 [JavaFX Application Thread] DEBUG Input                - Registered new binding: Toggle Debug Camera - CTRL+7
00:30:35.592 [JavaFX Application Thread] DEBUG LoopRunner           - Starting loop
00:30:35.592 [JavaFX Application Thread] DEBUG LoopRunner           - Initializing JavaFX AnimationTimerLoop
00:30:35.595 [JavaFX Application Thread] DEBUG Input                - Clearing active input actions
00:30:35.605 [JavaFX Application Thread] DEBUG GameApplicationServi - Removing overlay from FXGLStartupScene and adding to FXGLMainMenuDummyScene
00:30:35.606 [JavaFX Application Thread] DEBUG PrimaryStageWindow   - FXGLStartupScene -> FXGLMainMenuDummyScene
00:30:35.606 [JavaFX Application Thread] DEBUG PrimaryStageWindow   - Push state: DroidsMainMenu
00:30:35.606 [JavaFX Application Thread] DEBUG Input                - Clearing active input actions
00:30:35.619 [JavaFX Application Thread] DEBUG GameApplicationServi - Removing overlay from FXGLMainMenuDummyScene and adding to DroidsMainMenu
00:30:35.622 [JavaFX Application Thread] DEBUG PrimaryStageWindow   - FXGLMainMenuDummyScene -> DroidsMainMenu
00:30:35.624 [JavaFX Application Thread] DEBUG FXGLApplication      - Registering font factories with UI factory
00:30:38.484 [FXGL Background Thread 3 ] DEBUG Engine               - Logging environment variables
00:30:38.484 [FXGL Background Thread 3 ] DEBUG Engine               - achievements: []
00:30:38.484 [FXGL Background Thread 3 ] DEBUG Engine               - actualHeight: 720.0
00:30:38.485 [FXGL Background Thread 3 ] DEBUG Engine               - actualHeightProperty: ReadOnlyDoubleProperty [value: 720.0]
00:30:38.485 [FXGL Background Thread 3 ] DEBUG Engine               - actualWidth: 1280.0
00:30:38.485 [FXGL Background Thread 3 ] DEBUG Engine               - actualWidthProperty: ReadOnlyDoubleProperty [value: 1280.0]
00:30:38.485 [FXGL Background Thread 3 ] DEBUG Engine               - appIcon: fxgl_icon.png
00:30:38.485 [FXGL Background Thread 3 ] DEBUG Engine               - applicationMode: DEVELOPER
00:30:38.485 [FXGL Background Thread 3 ] DEBUG Engine               - cSSList: [fxgl_dark.css]
00:30:38.485 [FXGL Background Thread 3 ] DEBUG Engine               - collisionDetectionStrategy: BRUTE_FORCE
00:30:38.485 [FXGL Background Thread 3 ] DEBUG Engine               - configClass: Optional.empty
00:30:38.485 [FXGL Background Thread 3 ] DEBUG Engine               - credits: []
00:30:38.486 [FXGL Background Thread 3 ] DEBUG Engine               - defaultCursor: CursorInfo(imageName=fxgl_default_cursor.png, hotspotX=7.0, hotspotY=6.0)
00:30:38.486 [FXGL Background Thread 3 ] DEBUG Engine               - devBBoxColorProperty: ObjectProperty [value: 0xff0000ff]
00:30:38.486 [FXGL Background Thread 3 ] DEBUG Engine               - devEnableDebugCameraProperty: BooleanProperty [value: false]
00:30:38.486 [FXGL Background Thread 3 ] DEBUG Engine               - devSensorColorProperty: ObjectProperty [value: 0xffff00ff]
00:30:38.486 [FXGL Background Thread 3 ] DEBUG Engine               - devShowBBoxProperty: BooleanProperty [value: false]
00:30:38.486 [FXGL Background Thread 3 ] DEBUG Engine               - devShowPositionProperty: BooleanProperty [value: false]
00:30:38.486 [FXGL Background Thread 3 ] DEBUG Engine               - enabledMenuItems: []
00:30:38.487 [FXGL Background Thread 3 ] DEBUG Engine               - engineServices: [class com.almasb.fxgl.app.services.FXGLAssetLoaderService, class com.almasb.fxgl.app.FXGLApplication$GameApplicationService, class com.almasb.fxgl.app.services.FXGLDialogService, class com.almasb.fxgl.app.services.IOTaskExecutorService, class com.almasb.fxgl.io.FileSystemService, class com.almasb.fxgl.localization.LocalizationService, class com.almasb.fxgl.app.services.SystemBundleService, class com.almasb.fxgl.profile.SaveLoadService, class com.almasb.fxgl.ui.FXGLUIFactoryServiceProvider, class com.almasb.fxgl.ui.FXGLDialogFactoryServiceProvider, class com.almasb.fxgl.audio.AudioPlayer, class com.almasb.fxgl.notification.impl.NotificationServiceProvider, class com.almasb.fxgl.achievement.AchievementService, class com.almasb.fxgl.cutscene.CutsceneService, class com.almasb.fxgl.minigames.MiniGameService, class com.almasb.fxgl.net.NetService, class com.almasb.fxgl.app.services.UpdaterService, class com.almasb.fxgl.dev.DevService]
00:30:38.487 [FXGL Background Thread 3 ] DEBUG Engine               - fontGame: Abel-Regular.ttf
00:30:38.487 [FXGL Background Thread 3 ] DEBUG Engine               - fontMono: TerminalLandMono-Regular.otf
00:30:38.487 [FXGL Background Thread 3 ] DEBUG Engine               - fontSizeScaleUI: 1.0
00:30:38.487 [FXGL Background Thread 3 ] DEBUG Engine               - fontText: Courier-Prime.ttf
00:30:38.487 [FXGL Background Thread 3 ] DEBUG Engine               - fontUI: VarelaRound-Regular.ttf
00:30:38.487 [FXGL Background Thread 3 ] DEBUG Engine               - fullScreen: BooleanProperty [value: false]
00:30:38.487 [FXGL Background Thread 3 ] DEBUG Engine               - gameDifficulty: MEDIUM
00:30:38.487 [FXGL Background Thread 3 ] DEBUG Engine               - gameDifficultyProperty: ObjectProperty [value: MEDIUM]
00:30:38.487 [FXGL Background Thread 3 ] DEBUG Engine               - globalMusicVolume: 0.5
00:30:38.488 [FXGL Background Thread 3 ] DEBUG Engine               - globalMusicVolumeProperty: DoubleProperty [value: 0.5]
00:30:38.488 [FXGL Background Thread 3 ] DEBUG Engine               - globalSoundVolume: 0.5
00:30:38.488 [FXGL Background Thread 3 ] DEBUG Engine               - globalSoundVolumeProperty: DoubleProperty [value: 0.5]
00:30:38.488 [FXGL Background Thread 3 ] DEBUG Engine               - height: 720
00:30:38.488 [FXGL Background Thread 3 ] DEBUG Engine               - is3D: false
00:30:38.488 [FXGL Background Thread 3 ] DEBUG Engine               - isAndroid: false
00:30:38.488 [FXGL Background Thread 3 ] DEBUG Engine               - isBrowser: false
00:30:38.488 [FXGL Background Thread 3 ] DEBUG Engine               - isClickFeedbackEnabled: false
00:30:38.489 [FXGL Background Thread 3 ] DEBUG Engine               - isCloseConfirmation: false
00:30:38.489 [FXGL Background Thread 3 ] DEBUG Engine               - isDesktop: true
00:30:38.489 [FXGL Background Thread 3 ] DEBUG Engine               - isDeveloperMenuEnabled: false
00:30:38.489 [FXGL Background Thread 3 ] DEBUG Engine               - isEmbedded: false
00:30:38.489 [FXGL Background Thread 3 ] DEBUG Engine               - isEntityPreloadEnabled: true
00:30:38.489 [FXGL Background Thread 3 ] DEBUG Engine               - isExperimentalTiledLargeMap: false
00:30:38.489 [FXGL Background Thread 3 ] DEBUG Engine               - isFileSystemWriteAllowed: true
00:30:38.489 [FXGL Background Thread 3 ] DEBUG Engine               - isFullScreenAllowed: false
00:30:38.489 [FXGL Background Thread 3 ] DEBUG Engine               - isFullScreenFromStart: false
00:30:38.489 [FXGL Background Thread 3 ] DEBUG Engine               - isGameMenuEnabled: true
00:30:38.489 [FXGL Background Thread 3 ] DEBUG Engine               - isIOS: false
00:30:38.489 [FXGL Background Thread 3 ] DEBUG Engine               - isIntroEnabled: false
00:30:38.489 [FXGL Background Thread 3 ] DEBUG Engine               - isLinux: false
00:30:38.490 [FXGL Background Thread 3 ] DEBUG Engine               - isMac: false
00:30:38.490 [FXGL Background Thread 3 ] DEBUG Engine               - isMainMenuEnabled: true
00:30:38.490 [FXGL Background Thread 3 ] DEBUG Engine               - isManualResizeEnabled: false
00:30:38.490 [FXGL Background Thread 3 ] DEBUG Engine               - isMobile: false
00:30:38.490 [FXGL Background Thread 3 ] DEBUG Engine               - isNative: false
00:30:38.490 [FXGL Background Thread 3 ] DEBUG Engine               - isPauseMusicWhenMinimized: true
00:30:38.490 [FXGL Background Thread 3 ] DEBUG Engine               - isPreserveResizeRatio: false
00:30:38.490 [FXGL Background Thread 3 ] DEBUG Engine               - isProfilingEnabled: false
00:30:38.490 [FXGL Background Thread 3 ] DEBUG Engine               - isScaleAffectedOnResize: true
00:30:38.490 [FXGL Background Thread 3 ] DEBUG Engine               - isSingleStep: false
00:30:38.490 [FXGL Background Thread 3 ] DEBUG Engine               - isUserProfileEnabled: false
00:30:38.490 [FXGL Background Thread 3 ] DEBUG Engine               - isWindows: true
00:30:38.490 [FXGL Background Thread 3 ] DEBUG Engine               - language: ObjectProperty [value: ENGLISH]
00:30:38.491 [FXGL Background Thread 3 ] DEBUG Engine               - menuKey: ESCAPE
00:30:38.491 [FXGL Background Thread 3 ] DEBUG Engine               - mouseSensitivity: 0.2
00:30:38.491 [FXGL Background Thread 3 ] DEBUG Engine               - notificationViewClass: class com.almasb.fxgl.notification.view.XboxNotificationView
00:30:38.491 [FXGL Background Thread 3 ] DEBUG Engine               - pixelsPerMeter: 50.0
00:30:38.491 [FXGL Background Thread 3 ] DEBUG Engine               - platform: WINDOWS
00:30:38.491 [FXGL Background Thread 3 ] DEBUG Engine               - prefHeightProperty: ReadOnlyDoubleProperty [value: 720.0]
00:30:38.491 [FXGL Background Thread 3 ] DEBUG Engine               - prefWidthProperty: ReadOnlyDoubleProperty [value: 1280.0]
00:30:38.491 [FXGL Background Thread 3 ] DEBUG Engine               - profileDir: profiles/
00:30:38.491 [FXGL Background Thread 3 ] DEBUG Engine               - profileName: StringProperty [value: DEFAULT]
00:30:38.491 [FXGL Background Thread 3 ] DEBUG Engine               - randomSeed: -1
00:30:38.492 [FXGL Background Thread 3 ] DEBUG Engine               - runtimeInfo: RuntimeInfo(platform=WINDOWS, version=17.3, build=30.03.2023 11.49)
00:30:38.492 [FXGL Background Thread 3 ] DEBUG Engine               - saveFileExt: sav
00:30:38.492 [FXGL Background Thread 3 ] DEBUG Engine               - scaledHeightProp$fxgl: DoubleProperty [bound, value: 720.0]
00:30:38.492 [FXGL Background Thread 3 ] DEBUG Engine               - scaledWidthProp$fxgl: DoubleProperty [bound, value: 1280.0]
00:30:38.492 [FXGL Background Thread 3 ] DEBUG Engine               - sceneFactory: com.oleg.droids.DroidsApp$1@1168e892
00:30:38.492 [FXGL Background Thread 3 ] DEBUG Engine               - secondsIn24h: 60
00:30:38.492 [FXGL Background Thread 3 ] DEBUG Engine               - soundMenuBack: menu/back.wav
00:30:38.492 [FXGL Background Thread 3 ] DEBUG Engine               - soundMenuPress: menu/press.wav
00:30:38.492 [FXGL Background Thread 3 ] DEBUG Engine               - soundMenuSelect: menu/select.wav
00:30:38.492 [FXGL Background Thread 3 ] DEBUG Engine               - soundNotification: core/notification.wav
00:30:38.493 [FXGL Background Thread 3 ] DEBUG Engine               - stageStyle: DECORATED
00:30:38.493 [FXGL Background Thread 3 ] DEBUG Engine               - supportedLanguages: [ENGLISH, FRENCH, GERMAN, HUNGARIAN, RUSSIAN]
00:30:38.493 [FXGL Background Thread 3 ] DEBUG Engine               - ticksPerSecond: -1
00:30:38.493 [FXGL Background Thread 3 ] DEBUG Engine               - title: Droids
00:30:38.493 [FXGL Background Thread 3 ] DEBUG Engine               - urlGithub: https://github.com/AlmasB/FXGL
00:30:38.493 [FXGL Background Thread 3 ] DEBUG Engine               - urlLeaderboard: http://fxgl-top.herokuapp.com/
00:30:38.493 [FXGL Background Thread 3 ] DEBUG Engine               - urlPOM: https://raw.githubusercontent.com/AlmasB/FXGL/release/README.md
00:30:38.493 [FXGL Background Thread 3 ] DEBUG Engine               - userAppClass: class com.oleg.droids.DroidsApp
00:30:38.493 [FXGL Background Thread 3 ] DEBUG Engine               - version: 0.0
00:30:38.493 [FXGL Background Thread 3 ] DEBUG Engine               - versionCheckDays: 7
00:30:38.493 [FXGL Background Thread 3 ] DEBUG Engine               - width: 1280
00:30:38.493 [FXGL Background Thread 3 ] DEBUG Engine               - Logging services
00:30:38.493 [FXGL Background Thread 3 ] DEBUG Engine               - class com.almasb.fxgl.app.services.FXGLAssetLoaderService
00:30:38.493 [FXGL Background Thread 3 ] DEBUG Engine               - class com.almasb.fxgl.app.FXGLApplication$GameApplicationService
00:30:38.494 [FXGL Background Thread 3 ] DEBUG Engine               - class com.almasb.fxgl.app.services.FXGLDialogService
00:30:38.494 [FXGL Background Thread 3 ] DEBUG Engine               - class com.almasb.fxgl.app.services.IOTaskExecutorService
00:30:38.494 [FXGL Background Thread 3 ] DEBUG Engine               - class com.almasb.fxgl.io.FileSystemService
00:30:38.494 [FXGL Background Thread 3 ] DEBUG Engine               - class com.almasb.fxgl.localization.LocalizationService
00:30:38.494 [FXGL Background Thread 3 ] DEBUG Engine               - class com.almasb.fxgl.app.services.SystemBundleService
00:30:38.494 [FXGL Background Thread 3 ] DEBUG Engine               - class com.almasb.fxgl.profile.SaveLoadService
00:30:38.494 [FXGL Background Thread 3 ] DEBUG Engine               - class com.almasb.fxgl.ui.FXGLUIFactoryServiceProvider
00:30:38.494 [FXGL Background Thread 3 ] DEBUG Engine               - class com.almasb.fxgl.ui.FXGLDialogFactoryServiceProvider
00:30:38.494 [FXGL Background Thread 3 ] DEBUG Engine               - class com.almasb.fxgl.audio.AudioPlayer
00:30:38.494 [FXGL Background Thread 3 ] DEBUG Engine               - class com.almasb.fxgl.notification.impl.NotificationServiceProvider
00:30:38.494 [FXGL Background Thread 3 ] DEBUG Engine               - class com.almasb.fxgl.achievement.AchievementService
00:30:38.494 [FXGL Background Thread 3 ] DEBUG Engine               - class com.almasb.fxgl.cutscene.CutsceneService
00:30:38.494 [FXGL Background Thread 3 ] DEBUG Engine               - class com.almasb.fxgl.minigames.MiniGameService
00:30:38.494 [FXGL Background Thread 3 ] DEBUG Engine               - class com.almasb.fxgl.net.NetService
00:30:38.495 [FXGL Background Thread 3 ] DEBUG Engine               - class com.almasb.fxgl.app.services.UpdaterService
00:30:38.495 [FXGL Background Thread 3 ] DEBUG Engine               - class com.almasb.fxgl.dev.DevService
00:30:56.697 [JavaFX Application Thread] DEBUG Menu                 - fireNewGame()
00:30:56.697 [JavaFX Application Thread] DEBUG GameApplicationServi - Starting new game
00:30:56.698 [JavaFX Application Thread] DEBUG PrimaryStageWindow   - Pop state: DroidsMainMenu
00:30:56.698 [JavaFX Application Thread] DEBUG Input                - Clearing active input actions
00:30:56.698 [JavaFX Application Thread] DEBUG GameApplicationServi - Removing overlay from DroidsMainMenu and adding to FXGLMainMenuDummyScene
00:30:56.699 [JavaFX Application Thread] DEBUG PrimaryStageWindow   - FXGLMainMenuDummyScene <- DroidsMainMenu
00:30:56.699 [JavaFX Application Thread] DEBUG Input                - Clearing active input actions
00:30:56.713 [JavaFX Application Thread] DEBUG GameApplicationServi - Removing overlay from FXGLMainMenuDummyScene and adding to FXGLLoadingScene
00:30:56.713 [JavaFX Application Thread] DEBUG PrimaryStageWindow   - FXGLMainMenuDummyScene -> FXGLLoadingScene
00:30:56.714 [JavaFX Application Thread] DEBUG GameApplicationServi - Clearing previous game
00:30:56.714 [JavaFX Application Thread] DEBUG GameScene            - Clearing game scene
00:30:56.714 [JavaFX Application Thread] DEBUG GameWorld            - Clearing game world
00:30:56.714 [JavaFX Application Thread] DEBUG PhysicsWorld         - Clearing physics world
00:30:56.716 [FXGL Background Thread 2 ] DEBUG FXGLApplication      - Initializing game
00:30:56.762 [FXGL Background Thread 2 ] DEBUG FXGLAssetLoaderServi - Loading from file system: file:/C:/Users/Oleg/Desktop/FXGLGames-master/Droids/target/classes/assets/textures/Gunner_Blue.png
00:30:56.877 [FXGL Background Thread 2 ] DEBUG FXGLAssetLoaderServi - Loading from file system: file:/C:/Users/Oleg/Desktop/FXGLGames-master/Droids/target/classes/assets/textures/Regular_Blue.png
00:30:56.882 [FXGL Background Thread 2 ] DEBUG FXGLAssetLoaderServi - Loading from file system: file:/C:/Users/Oleg/Desktop/FXGLGames-master/Droids/target/classes/assets/textures/Mortar_Blue.png
00:30:56.889 [FXGL Background Thread 2 ] DEBUG FXGLAssetLoaderServi - Loading from file system: file:/C:/Users/Oleg/Desktop/FXGLGames-master/Droids/target/classes/assets/textures/Gunner_Red.png
00:30:56.894 [FXGL Background Thread 2 ] DEBUG FXGLAssetLoaderServi - Loading from file system: file:/C:/Users/Oleg/Desktop/FXGLGames-master/Droids/target/classes/assets/textures/Regular_Red.png
00:30:56.900 [FXGL Background Thread 2 ] DEBUG FXGLAssetLoaderServi - Loading from file system: file:/C:/Users/Oleg/Desktop/FXGLGames-master/Droids/target/classes/assets/textures/Mortar_Red.png
00:30:56.909 [FXGL Background Thread 2 ] INFO  FXGLApplication      - Game initialization took: 0,193 sec
00:30:56.914 [JavaFX Application Thread] DEBUG Input                - Clearing active input actions
00:30:56.929 [JavaFX Application Thread] DEBUG GameApplicationServi - Removing overlay from FXGLLoadingScene and adding to GameScene
00:30:56.929 [JavaFX Application Thread] DEBUG PrimaryStageWindow   - FXGLLoadingScene -> GameScene
00:31:17.222 [JavaFX Application Thread] DEBUG PrimaryStageWindow   - Push state: DialogSubScene
00:31:17.222 [JavaFX Application Thread] DEBUG Input                - Clearing active input actions
00:31:17.228 [JavaFX Application Thread] DEBUG GameApplicationServi - Removing overlay from GameScene and adding to DialogSubScene
00:31:17.229 [JavaFX Application Thread] DEBUG PrimaryStageWindow   - GameScene -> DialogSubScene
00:31:18.089 [JavaFX Application Thread] DEBUG PrimaryStageWindow   - Pop state: DialogSubScene
00:31:18.089 [JavaFX Application Thread] DEBUG Input                - Clearing active input actions
00:31:18.089 [JavaFX Application Thread] DEBUG GameApplicationServi - Removing overlay from DialogSubScene and adding to GameScene
00:31:18.089 [JavaFX Application Thread] DEBUG PrimaryStageWindow   - GameScene <- DialogSubScene
00:31:18.089 [JavaFX Application Thread] DEBUG FXGLApplication      - Exiting FXGL
00:31:18.089 [JavaFX Application Thread] DEBUG LoopRunner           - Stopping loop
00:31:18.090 [JavaFX Application Thread] DEBUG SystemBundleService  - Saving FXGL system data
00:31:18.092 [JavaFX Application Thread] DEBUG FileSystemAccess     - Writing to: C:\Users\Oleg\Desktop\FXGLGames-master\Droids\system\fxgl.bundle
00:31:18.094 [JavaFX Application Thread] DEBUG Async                - Shutting down background threads
00:31:18.094 [JavaFX Application Thread] DEBUG PrimaryStageWindow   - Closing main window
00:31:18.110 [JavaFX Application Thread] DEBUG Logger               - Closing Logger
