09:37:27.142 [main                     ] DEBUG Logger               - Configured Logger
09:37:27.176 [main                     ] DEBUG GameApplication      - Logging settings
Title: Droids
Version: 0.0
Width: 1280
Height: 720
Fullscreen: false
Intro: false
Profiling: false
Single step:false
App Mode: DEVELOPER
Menu Key: ESCAPE
Stage Style: DECORATED
Scene Factory: class com.oleg.droids.DroidsApp$1

09:37:27.604 [JavaFX Application Thread] DEBUG FXGLApplication      - Initializing FXGL
09:37:27.611 [JavaFX Application Thread] INFO  Engine               - FXGL-17.3 (30.03.2023 11.49) on WINDOWS (J:21 FX:17.0.2-ea)
09:37:27.612 [JavaFX Application Thread] DEBUG Engine               - JRE Vendor Name: Oracle Corporation
09:37:27.612 [JavaFX Application Thread] DEBUG Engine               - Running on OS: Windows 10 version 10.0
09:37:27.612 [JavaFX Application Thread] DEBUG Engine               - Architecture: amd64
09:37:27.612 [JavaFX Application Thread] INFO  Engine               - Source code and latest versions at: https://github.com/AlmasB/FXGL
09:37:27.613 [JavaFX Application Thread] INFO  Engine               -       Ask questions and discuss at: https://github.com/AlmasB/FXGL/discussions
09:37:27.613 [JavaFX Application Thread] INFO  Engine               -              Join the FXGL chat at: https://gitter.im/AlmasB/FXGL
09:37:27.745 [JavaFX Application Thread] DEBUG PrimaryStageWindow   - Creating a JavaFX scene
09:37:27.813 [JavaFX Application Thread] DEBUG PrimaryStageWindow   - Target settings size: 1280.0 x 720.0
09:37:27.815 [JavaFX Application Thread] DEBUG PrimaryStageWindow   - Scaled scene size:    1280.0 x 720.0
09:37:27.816 [JavaFX Application Thread] DEBUG PrimaryStageWindow   - Scaled ratio: (1.0, 1.0)
09:37:27.818 [JavaFX Application Thread] DEBUG PrimaryStageWindow   - Set initial scene to FXGLStartupScene
09:37:27.830 [JavaFX Application Thread] DEBUG PrimaryStageWindow   - Opening main window
09:37:27.941 [JavaFX Application Thread] DEBUG PrimaryStageWindow   - Window border size: (14.4000244140625, 37.5999755859375)
09:37:27.942 [JavaFX Application Thread] DEBUG PrimaryStageWindow   - Scaled size: 1280.0 x 720.0
09:37:27.942 [JavaFX Application Thread] DEBUG PrimaryStageWindow   - Scaled ratio: (1.0, 1.0)
09:37:27.942 [JavaFX Application Thread] DEBUG PrimaryStageWindow   - Scene size: 1280.0 x 720.0
09:37:27.943 [JavaFX Application Thread] DEBUG PrimaryStageWindow   - Stage size: 1294.4000244140625 x 757.5999755859375
09:37:28.008 [FXGL Background Thread 1 ] DEBUG Engine               - Initializing environment variables
09:37:28.093 [FXGL Background Thread 1 ] DEBUG FXGLAssetLoaderServi - User app class for loading assets: class com.oleg.droids.DroidsApp
09:37:28.093 [FXGL Background Thread 1 ] DEBUG GameApplicationServi - Applying CSS: fxgl_dark.css
09:37:28.095 [FXGL Background Thread 1 ] DEBUG FXGLAssetLoaderServi - Loading from file system: jar:file:///C:/Users/Oleg/.m2/repository/com/github/almasb/fxgl/17.3/fxgl-17.3.jar!/fxglassets/ui/css/fxgl_dark.css
09:37:28.167 [FXGL Background Thread 1 ] DEBUG GameApplicationServi - Initializing application scenes
09:37:28.294 [FXGL Background Thread 1 ] DEBUG GameWorld            - Game world initialized
09:37:28.386 [FXGL Background Thread 1 ] DEBUG PhysicsWorld         - Physics world initialized: appHeight=720, physics.ppm=50,0
09:37:28.386 [FXGL Background Thread 1 ] DEBUG PhysicsWorld         - Using strategy: BRUTE_FORCE
09:37:28.392 [FXGL Background Thread 1 ] DEBUG GameScene            - Game scene initialized: 1280x720
09:37:28.401 [FXGL Background Thread 1 ] DEBUG FXGLAssetLoaderServi - Loading from file system: file:/C:/Users/Oleg/Desktop/FXGLGames-master/Droids/target/classes/assets/textures/background.png
09:37:28.720 [FXGL Background Thread 1 ] DEBUG GameApplicationServi - Application scenes initialized
09:37:28.747 [FXGL Background Thread 1 ] DEBUG SystemBundleService  - Loading FXGL system data
09:37:28.754 [FXGL Background Thread 1 ] DEBUG FileSystemAccess     - Reading from: C:\Users\Oleg\Desktop\FXGLGames-master\Droids\system\fxgl.bundle
09:37:28.769 [FXGL Background Thread 1 ] DEBUG SystemBundleService  - Bundle FXGL: {}
09:37:28.769 [FXGL Background Thread 1 ] DEBUG UpdaterService       - Checking for updates
09:37:28.779 [FXGL Background Thread 1 ] DEBUG FXGLApplication      - Loading default localization
09:37:28.780 [FXGL Background Thread 1 ] DEBUG FXGLAssetLoaderServi - Loading from file system: jar:file:///C:/Users/Oleg/.m2/repository/com/github/almasb/fxgl/17.3/fxgl-17.3.jar!/fxglassets/languages/english.lang
09:37:28.789 [FXGL Background Thread 4 ] DEBUG FXGLApplication      - Loading fonts
09:37:28.789 [FXGL Background Thread 4 ] DEBUG FXGLAssetLoaderServi - Loading from file system: jar:file:///C:/Users/Oleg/.m2/repository/com/github/almasb/fxgl/17.3/fxgl-17.3.jar!/fxglassets/ui/fonts/VarelaRound-Regular.ttf
09:37:28.819 [FXGL Background Thread 1 ] INFO  FXGLApplication      - FXGL initialization took: 0,811 sec
09:37:28.824 [FXGL Background Thread 4 ] DEBUG FXGLAssetLoaderServi - Loading from file system: jar:file:///C:/Users/Oleg/.m2/repository/com/github/almasb/fxgl/17.3/fxgl-17.3.jar!/fxglassets/ui/fonts/Abel-Regular.ttf
09:37:28.829 [FXGL Background Thread 4 ] DEBUG FXGLAssetLoaderServi - Loading from file system: jar:file:///C:/Users/Oleg/.m2/repository/com/github/almasb/fxgl/17.3/fxgl-17.3.jar!/fxglassets/ui/fonts/TerminalLandMono-Regular.otf
09:37:28.831 [JavaFX Application Thread] DEBUG Input                - Registered new binding: Up - W
09:37:28.831 [JavaFX Application Thread] DEBUG Input                - Registered new binding: Down - S
09:37:28.831 [JavaFX Application Thread] DEBUG Input                - Registered new binding: Left - A
09:37:28.832 [JavaFX Application Thread] DEBUG Input                - Registered new binding: Right - D
09:37:28.833 [JavaFX Application Thread] DEBUG Input                - Registered new binding: Shoot - LMB
09:37:28.834 [JavaFX Application Thread] DEBUG FXGLAssetLoaderServi - Loading from file system: jar:file:///C:/Users/Oleg/.m2/repository/com/github/almasb/fxgl/17.3/fxgl-17.3.jar!/fxglassets/textures/fxgl_icon.png
09:37:28.836 [FXGL Background Thread 4 ] DEBUG FXGLAssetLoaderServi - Loading from file system: jar:file:///C:/Users/Oleg/.m2/repository/com/github/almasb/fxgl/17.3/fxgl-17.3.jar!/fxglassets/ui/fonts/Courier-Prime.ttf
09:37:28.861 [JavaFX Application Thread] DEBUG FXGLAssetLoaderServi - Loading from file system: jar:file:///C:/Users/Oleg/.m2/repository/com/github/almasb/fxgl/17.3/fxgl-17.3.jar!/fxglassets/textures/fxgl_default_cursor.png
09:37:28.865 [JavaFX Application Thread] DEBUG Input                - Registered new binding: Screenshot - CTRL+8
09:37:28.865 [JavaFX Application Thread] DEBUG Input                - Registered new binding: System info dump - CTRL+9
09:37:28.866 [JavaFX Application Thread] DEBUG Input                - Registered new binding: Restart - CTRL+R
09:37:28.866 [JavaFX Application Thread] DEBUG Input                - Registered new binding: Toggle Debug Camera - CTRL+7
09:37:28.870 [JavaFX Application Thread] DEBUG LoopRunner           - Starting loop
09:37:28.870 [JavaFX Application Thread] DEBUG LoopRunner           - Initializing JavaFX AnimationTimerLoop
09:37:28.872 [JavaFX Application Thread] DEBUG Input                - Clearing active input actions
09:37:28.896 [JavaFX Application Thread] DEBUG GameApplicationServi - Removing overlay from FXGLStartupScene and adding to FXGLMainMenuDummyScene
09:37:28.897 [JavaFX Application Thread] DEBUG PrimaryStageWindow   - FXGLStartupScene -> FXGLMainMenuDummyScene
09:37:28.897 [JavaFX Application Thread] DEBUG PrimaryStageWindow   - Push state: DroidsMainMenu
09:37:28.897 [JavaFX Application Thread] DEBUG Input                - Clearing active input actions
09:37:28.902 [JavaFX Application Thread] DEBUG GameApplicationServi - Removing overlay from FXGLMainMenuDummyScene and adding to DroidsMainMenu
09:37:28.902 [JavaFX Application Thread] DEBUG PrimaryStageWindow   - FXGLMainMenuDummyScene -> DroidsMainMenu
09:37:28.903 [JavaFX Application Thread] DEBUG FXGLApplication      - Registering font factories with UI factory
09:37:31.776 [FXGL Background Thread 3 ] DEBUG Engine               - Logging environment variables
09:37:31.777 [FXGL Background Thread 3 ] DEBUG Engine               - achievements: []
09:37:31.777 [FXGL Background Thread 3 ] DEBUG Engine               - actualHeight: 720.0
09:37:31.777 [FXGL Background Thread 3 ] DEBUG Engine               - actualHeightProperty: ReadOnlyDoubleProperty [value: 720.0]
09:37:31.778 [FXGL Background Thread 3 ] DEBUG Engine               - actualWidth: 1280.0
09:37:31.778 [FXGL Background Thread 3 ] DEBUG Engine               - actualWidthProperty: ReadOnlyDoubleProperty [value: 1280.0]
09:37:31.778 [FXGL Background Thread 3 ] DEBUG Engine               - appIcon: fxgl_icon.png
09:37:31.778 [FXGL Background Thread 3 ] DEBUG Engine               - applicationMode: DEVELOPER
09:37:31.778 [FXGL Background Thread 3 ] DEBUG Engine               - cSSList: [fxgl_dark.css]
09:37:31.778 [FXGL Background Thread 3 ] DEBUG Engine               - collisionDetectionStrategy: BRUTE_FORCE
09:37:31.778 [FXGL Background Thread 3 ] DEBUG Engine               - configClass: Optional.empty
09:37:31.778 [FXGL Background Thread 3 ] DEBUG Engine               - credits: []
09:37:31.779 [FXGL Background Thread 3 ] DEBUG Engine               - defaultCursor: CursorInfo(imageName=fxgl_default_cursor.png, hotspotX=7.0, hotspotY=6.0)
09:37:31.780 [FXGL Background Thread 3 ] DEBUG Engine               - devBBoxColorProperty: ObjectProperty [value: 0xff0000ff]
09:37:31.780 [FXGL Background Thread 3 ] DEBUG Engine               - devEnableDebugCameraProperty: BooleanProperty [value: false]
09:37:31.780 [FXGL Background Thread 3 ] DEBUG Engine               - devSensorColorProperty: ObjectProperty [value: 0xffff00ff]
09:37:31.780 [FXGL Background Thread 3 ] DEBUG Engine               - devShowBBoxProperty: BooleanProperty [value: false]
09:37:31.780 [FXGL Background Thread 3 ] DEBUG Engine               - devShowPositionProperty: BooleanProperty [value: false]
09:37:31.780 [FXGL Background Thread 3 ] DEBUG Engine               - enabledMenuItems: []
09:37:31.780 [FXGL Background Thread 3 ] DEBUG Engine               - engineServices: [class com.almasb.fxgl.app.services.FXGLAssetLoaderService, class com.almasb.fxgl.app.FXGLApplication$GameApplicationService, class com.almasb.fxgl.app.services.FXGLDialogService, class com.almasb.fxgl.app.services.IOTaskExecutorService, class com.almasb.fxgl.io.FileSystemService, class com.almasb.fxgl.localization.LocalizationService, class com.almasb.fxgl.app.services.SystemBundleService, class com.almasb.fxgl.profile.SaveLoadService, class com.almasb.fxgl.ui.FXGLUIFactoryServiceProvider, class com.almasb.fxgl.ui.FXGLDialogFactoryServiceProvider, class com.almasb.fxgl.audio.AudioPlayer, class com.almasb.fxgl.notification.impl.NotificationServiceProvider, class com.almasb.fxgl.achievement.AchievementService, class com.almasb.fxgl.cutscene.CutsceneService, class com.almasb.fxgl.minigames.MiniGameService, class com.almasb.fxgl.net.NetService, class com.almasb.fxgl.app.services.UpdaterService, class com.almasb.fxgl.dev.DevService]
09:37:31.780 [FXGL Background Thread 3 ] DEBUG Engine               - fontGame: Abel-Regular.ttf
09:37:31.781 [FXGL Background Thread 3 ] DEBUG Engine               - fontMono: TerminalLandMono-Regular.otf
09:37:31.781 [FXGL Background Thread 3 ] DEBUG Engine               - fontSizeScaleUI: 1.0
09:37:31.781 [FXGL Background Thread 3 ] DEBUG Engine               - fontText: Courier-Prime.ttf
09:37:31.781 [FXGL Background Thread 3 ] DEBUG Engine               - fontUI: VarelaRound-Regular.ttf
09:37:31.781 [FXGL Background Thread 3 ] DEBUG Engine               - fullScreen: BooleanProperty [value: false]
09:37:31.781 [FXGL Background Thread 3 ] DEBUG Engine               - gameDifficulty: MEDIUM
09:37:31.781 [FXGL Background Thread 3 ] DEBUG Engine               - gameDifficultyProperty: ObjectProperty [value: MEDIUM]
09:37:31.781 [FXGL Background Thread 3 ] DEBUG Engine               - globalMusicVolume: 0.5
09:37:31.781 [FXGL Background Thread 3 ] DEBUG Engine               - globalMusicVolumeProperty: DoubleProperty [value: 0.5]
09:37:31.781 [FXGL Background Thread 3 ] DEBUG Engine               - globalSoundVolume: 0.5
09:37:31.782 [FXGL Background Thread 3 ] DEBUG Engine               - globalSoundVolumeProperty: DoubleProperty [value: 0.5]
09:37:31.782 [FXGL Background Thread 3 ] DEBUG Engine               - height: 720
09:37:31.782 [FXGL Background Thread 3 ] DEBUG Engine               - is3D: false
09:37:31.782 [FXGL Background Thread 3 ] DEBUG Engine               - isAndroid: false
09:37:31.782 [FXGL Background Thread 3 ] DEBUG Engine               - isBrowser: false
09:37:31.782 [FXGL Background Thread 3 ] DEBUG Engine               - isClickFeedbackEnabled: false
09:37:31.782 [FXGL Background Thread 3 ] DEBUG Engine               - isCloseConfirmation: false
09:37:31.782 [FXGL Background Thread 3 ] DEBUG Engine               - isDesktop: true
09:37:31.782 [FXGL Background Thread 3 ] DEBUG Engine               - isDeveloperMenuEnabled: false
09:37:31.782 [FXGL Background Thread 3 ] DEBUG Engine               - isEmbedded: false
09:37:31.782 [FXGL Background Thread 3 ] DEBUG Engine               - isEntityPreloadEnabled: true
09:37:31.782 [FXGL Background Thread 3 ] DEBUG Engine               - isExperimentalTiledLargeMap: false
09:37:31.782 [FXGL Background Thread 3 ] DEBUG Engine               - isFileSystemWriteAllowed: true
09:37:31.782 [FXGL Background Thread 3 ] DEBUG Engine               - isFullScreenAllowed: false
09:37:31.782 [FXGL Background Thread 3 ] DEBUG Engine               - isFullScreenFromStart: false
09:37:31.782 [FXGL Background Thread 3 ] DEBUG Engine               - isGameMenuEnabled: true
09:37:31.783 [FXGL Background Thread 3 ] DEBUG Engine               - isIOS: false
09:37:31.783 [FXGL Background Thread 3 ] DEBUG Engine               - isIntroEnabled: false
09:37:31.783 [FXGL Background Thread 3 ] DEBUG Engine               - isLinux: false
09:37:31.783 [FXGL Background Thread 3 ] DEBUG Engine               - isMac: false
09:37:31.783 [FXGL Background Thread 3 ] DEBUG Engine               - isMainMenuEnabled: true
09:37:31.783 [FXGL Background Thread 3 ] DEBUG Engine               - isManualResizeEnabled: false
09:37:31.783 [FXGL Background Thread 3 ] DEBUG Engine               - isMobile: false
09:37:31.783 [FXGL Background Thread 3 ] DEBUG Engine               - isNative: false
09:37:31.783 [FXGL Background Thread 3 ] DEBUG Engine               - isPauseMusicWhenMinimized: true
09:37:31.783 [FXGL Background Thread 3 ] DEBUG Engine               - isPreserveResizeRatio: false
09:37:31.783 [FXGL Background Thread 3 ] DEBUG Engine               - isProfilingEnabled: false
09:37:31.783 [FXGL Background Thread 3 ] DEBUG Engine               - isScaleAffectedOnResize: true
09:37:31.783 [FXGL Background Thread 3 ] DEBUG Engine               - isSingleStep: false
09:37:31.783 [FXGL Background Thread 3 ] DEBUG Engine               - isUserProfileEnabled: false
09:37:31.783 [FXGL Background Thread 3 ] DEBUG Engine               - isWindows: true
09:37:31.783 [FXGL Background Thread 3 ] DEBUG Engine               - language: ObjectProperty [value: ENGLISH]
09:37:31.783 [FXGL Background Thread 3 ] DEBUG Engine               - menuKey: ESCAPE
09:37:31.783 [FXGL Background Thread 3 ] DEBUG Engine               - mouseSensitivity: 0.2
09:37:31.784 [FXGL Background Thread 3 ] DEBUG Engine               - notificationViewClass: class com.almasb.fxgl.notification.view.XboxNotificationView
09:37:31.784 [FXGL Background Thread 3 ] DEBUG Engine               - pixelsPerMeter: 50.0
09:37:31.784 [FXGL Background Thread 3 ] DEBUG Engine               - platform: WINDOWS
09:37:31.784 [FXGL Background Thread 3 ] DEBUG Engine               - prefHeightProperty: ReadOnlyDoubleProperty [value: 720.0]
09:37:31.784 [FXGL Background Thread 3 ] DEBUG Engine               - prefWidthProperty: ReadOnlyDoubleProperty [value: 1280.0]
09:37:31.784 [FXGL Background Thread 3 ] DEBUG Engine               - profileDir: profiles/
09:37:31.784 [FXGL Background Thread 3 ] DEBUG Engine               - profileName: StringProperty [value: DEFAULT]
09:37:31.784 [FXGL Background Thread 3 ] DEBUG Engine               - randomSeed: -1
09:37:31.785 [FXGL Background Thread 3 ] DEBUG Engine               - runtimeInfo: RuntimeInfo(platform=WINDOWS, version=17.3, build=30.03.2023 11.49)
09:37:31.785 [FXGL Background Thread 3 ] DEBUG Engine               - saveFileExt: sav
09:37:31.785 [FXGL Background Thread 3 ] DEBUG Engine               - scaledHeightProp$fxgl: DoubleProperty [bound, value: 720.0]
09:37:31.785 [FXGL Background Thread 3 ] DEBUG Engine               - scaledWidthProp$fxgl: DoubleProperty [bound, value: 1280.0]
09:37:31.785 [FXGL Background Thread 3 ] DEBUG Engine               - sceneFactory: com.oleg.droids.DroidsApp$1@52919060
09:37:31.785 [FXGL Background Thread 3 ] DEBUG Engine               - secondsIn24h: 60
09:37:31.785 [FXGL Background Thread 3 ] DEBUG Engine               - soundMenuBack: menu/back.wav
09:37:31.785 [FXGL Background Thread 3 ] DEBUG Engine               - soundMenuPress: menu/press.wav
09:37:31.785 [FXGL Background Thread 3 ] DEBUG Engine               - soundMenuSelect: menu/select.wav
09:37:31.785 [FXGL Background Thread 3 ] DEBUG Engine               - soundNotification: core/notification.wav
09:37:31.785 [FXGL Background Thread 3 ] DEBUG Engine               - stageStyle: DECORATED
09:37:31.785 [FXGL Background Thread 3 ] DEBUG Engine               - supportedLanguages: [ENGLISH, FRENCH, GERMAN, HUNGARIAN, RUSSIAN]
09:37:31.785 [FXGL Background Thread 3 ] DEBUG Engine               - ticksPerSecond: -1
09:37:31.785 [FXGL Background Thread 3 ] DEBUG Engine               - title: Droids
09:37:31.785 [FXGL Background Thread 3 ] DEBUG Engine               - urlGithub: https://github.com/AlmasB/FXGL
09:37:31.785 [FXGL Background Thread 3 ] DEBUG Engine               - urlLeaderboard: http://fxgl-top.herokuapp.com/
09:37:31.785 [FXGL Background Thread 3 ] DEBUG Engine               - urlPOM: https://raw.githubusercontent.com/AlmasB/FXGL/release/README.md
09:37:31.786 [FXGL Background Thread 3 ] DEBUG Engine               - userAppClass: class com.oleg.droids.DroidsApp
09:37:31.786 [FXGL Background Thread 3 ] DEBUG Engine               - version: 0.0
09:37:31.786 [FXGL Background Thread 3 ] DEBUG Engine               - versionCheckDays: 7
09:37:31.786 [FXGL Background Thread 3 ] DEBUG Engine               - width: 1280
09:37:31.786 [FXGL Background Thread 3 ] DEBUG Engine               - Logging services
09:37:31.786 [FXGL Background Thread 3 ] DEBUG Engine               - class com.almasb.fxgl.app.services.FXGLAssetLoaderService
09:37:31.786 [FXGL Background Thread 3 ] DEBUG Engine               - class com.almasb.fxgl.app.FXGLApplication$GameApplicationService
09:37:31.786 [FXGL Background Thread 3 ] DEBUG Engine               - class com.almasb.fxgl.app.services.FXGLDialogService
09:37:31.786 [FXGL Background Thread 3 ] DEBUG Engine               - class com.almasb.fxgl.app.services.IOTaskExecutorService
09:37:31.786 [FXGL Background Thread 3 ] DEBUG Engine               - class com.almasb.fxgl.io.FileSystemService
09:37:31.786 [FXGL Background Thread 3 ] DEBUG Engine               - class com.almasb.fxgl.localization.LocalizationService
09:37:31.786 [FXGL Background Thread 3 ] DEBUG Engine               - class com.almasb.fxgl.app.services.SystemBundleService
09:37:31.786 [FXGL Background Thread 3 ] DEBUG Engine               - class com.almasb.fxgl.profile.SaveLoadService
09:37:31.787 [FXGL Background Thread 3 ] DEBUG Engine               - class com.almasb.fxgl.ui.FXGLUIFactoryServiceProvider
09:37:31.787 [FXGL Background Thread 3 ] DEBUG Engine               - class com.almasb.fxgl.ui.FXGLDialogFactoryServiceProvider
09:37:31.787 [FXGL Background Thread 3 ] DEBUG Engine               - class com.almasb.fxgl.audio.AudioPlayer
09:37:31.787 [FXGL Background Thread 3 ] DEBUG Engine               - class com.almasb.fxgl.notification.impl.NotificationServiceProvider
09:37:31.787 [FXGL Background Thread 3 ] DEBUG Engine               - class com.almasb.fxgl.achievement.AchievementService
09:37:31.787 [FXGL Background Thread 3 ] DEBUG Engine               - class com.almasb.fxgl.cutscene.CutsceneService
09:37:31.787 [FXGL Background Thread 3 ] DEBUG Engine               - class com.almasb.fxgl.minigames.MiniGameService
09:37:31.787 [FXGL Background Thread 3 ] DEBUG Engine               - class com.almasb.fxgl.net.NetService
09:37:31.787 [FXGL Background Thread 3 ] DEBUG Engine               - class com.almasb.fxgl.app.services.UpdaterService
09:37:31.787 [FXGL Background Thread 3 ] DEBUG Engine               - class com.almasb.fxgl.dev.DevService
09:37:39.244 [JavaFX Application Thread] DEBUG Menu                 - fireNewGame()
09:37:39.244 [JavaFX Application Thread] DEBUG GameApplicationServi - Starting new game
09:37:39.245 [JavaFX Application Thread] DEBUG PrimaryStageWindow   - Pop state: DroidsMainMenu
09:37:39.245 [JavaFX Application Thread] DEBUG Input                - Clearing active input actions
09:37:39.246 [JavaFX Application Thread] DEBUG GameApplicationServi - Removing overlay from DroidsMainMenu and adding to FXGLMainMenuDummyScene
09:37:39.247 [JavaFX Application Thread] DEBUG PrimaryStageWindow   - FXGLMainMenuDummyScene <- DroidsMainMenu
09:37:39.247 [JavaFX Application Thread] DEBUG Input                - Clearing active input actions
09:37:39.259 [JavaFX Application Thread] DEBUG GameApplicationServi - Removing overlay from FXGLMainMenuDummyScene and adding to FXGLLoadingScene
09:37:39.259 [JavaFX Application Thread] DEBUG PrimaryStageWindow   - FXGLMainMenuDummyScene -> FXGLLoadingScene
09:37:39.259 [JavaFX Application Thread] DEBUG GameApplicationServi - Clearing previous game
09:37:39.259 [JavaFX Application Thread] DEBUG GameScene            - Clearing game scene
09:37:39.260 [JavaFX Application Thread] DEBUG GameWorld            - Clearing game world
09:37:39.260 [JavaFX Application Thread] DEBUG PhysicsWorld         - Clearing physics world
09:37:39.265 [FXGL Background Thread 2 ] DEBUG FXGLApplication      - Initializing game
09:37:39.309 [FXGL Background Thread 2 ] DEBUG FXGLAssetLoaderServi - Loading from file system: file:/C:/Users/Oleg/Desktop/FXGLGames-master/Droids/target/classes/assets/textures/Regular_Blue.png
09:37:39.379 [FXGL Background Thread 2 ] DEBUG FXGLAssetLoaderServi - Loading from file system: file:/C:/Users/Oleg/Desktop/FXGLGames-master/Droids/target/classes/assets/textures/Gunner_Red.png
09:37:39.391 [FXGL Background Thread 2 ] INFO  FXGLApplication      - Game initialization took: 0,126 sec
09:37:39.428 [JavaFX Application Thread] DEBUG Input                - Clearing active input actions
09:37:39.437 [JavaFX Application Thread] DEBUG GameApplicationServi - Removing overlay from FXGLLoadingScene and adding to GameScene
09:37:39.437 [JavaFX Application Thread] DEBUG PrimaryStageWindow   - FXGLLoadingScene -> GameScene
09:37:53.042 [JavaFX Application Thread] WARN  GameWorld            - Attempted to remove entity which is not active
09:37:59.660 [JavaFX Application Thread] DEBUG PrimaryStageWindow   - Push state: DialogSubScene
09:37:59.660 [JavaFX Application Thread] DEBUG Input                - Clearing active input actions
09:37:59.667 [JavaFX Application Thread] DEBUG GameApplicationServi - Removing overlay from GameScene and adding to DialogSubScene
09:37:59.667 [JavaFX Application Thread] DEBUG PrimaryStageWindow   - GameScene -> DialogSubScene
09:38:01.541 [JavaFX Application Thread] DEBUG PrimaryStageWindow   - Pop state: DialogSubScene
09:38:01.542 [JavaFX Application Thread] DEBUG Input                - Clearing active input actions
09:38:01.543 [JavaFX Application Thread] DEBUG GameApplicationServi - Removing overlay from DialogSubScene and adding to GameScene
09:38:01.543 [JavaFX Application Thread] DEBUG PrimaryStageWindow   - GameScene <- DialogSubScene
09:38:01.543 [JavaFX Application Thread] DEBUG FXGLApplication      - Exiting FXGL
09:38:01.543 [JavaFX Application Thread] DEBUG LoopRunner           - Stopping loop
09:38:01.543 [JavaFX Application Thread] DEBUG SystemBundleService  - Saving FXGL system data
09:38:01.546 [JavaFX Application Thread] DEBUG FileSystemAccess     - Writing to: C:\Users\Oleg\Desktop\FXGLGames-master\Droids\system\fxgl.bundle
09:38:01.549 [JavaFX Application Thread] DEBUG Async                - Shutting down background threads
09:38:01.550 [JavaFX Application Thread] DEBUG PrimaryStageWindow   - Closing main window
09:38:01.568 [JavaFX Application Thread] DEBUG Logger               - Closing Logger
