08:47:55.183 [main                     ] DEBUG Logger               - Configured Logger
08:47:55.242 [main                     ] DEBUG GameApplication      - Logging settings
Title: Droids
Version: 0.0
Width: 1280
Height: 720
Fullscreen: false
Intro: false
Profiling: false
Single step:false
App Mode: DEVELOPER
Menu Key: ESCAPE
Stage Style: DECORATED
Scene Factory: class com.oleg.droids.DroidsApp$1

08:47:55.856 [JavaFX Application Thread] DEBUG FXGLApplication      - Initializing FXGL
08:47:55.863 [JavaFX Application Thread] INFO  Engine               - FXGL-17.3 (30.03.2023 11.49) on WINDOWS (J:21 FX:17.0.2-ea)
08:47:55.863 [JavaFX Application Thread] DEBUG Engine               - JRE Vendor Name: Oracle Corporation
08:47:55.864 [JavaFX Application Thread] DEBUG Engine               - Running on OS: Windows 10 version 10.0
08:47:55.864 [JavaFX Application Thread] DEBUG Engine               - Architecture: amd64
08:47:55.864 [JavaFX Application Thread] INFO  Engine               - Source code and latest versions at: https://github.com/AlmasB/FXGL
08:47:55.864 [JavaFX Application Thread] INFO  Engine               -       Ask questions and discuss at: https://github.com/AlmasB/FXGL/discussions
08:47:55.864 [JavaFX Application Thread] INFO  Engine               -              Join the FXGL chat at: https://gitter.im/AlmasB/FXGL
08:47:56.017 [JavaFX Application Thread] DEBUG PrimaryStageWindow   - Creating a JavaFX scene
08:47:56.090 [JavaFX Application Thread] DEBUG PrimaryStageWindow   - Target settings size: 1280.0 x 720.0
08:47:56.091 [JavaFX Application Thread] DEBUG PrimaryStageWindow   - Scaled scene size:    1280.0 x 720.0
08:47:56.091 [JavaFX Application Thread] DEBUG PrimaryStageWindow   - Scaled ratio: (1.0, 1.0)
08:47:56.092 [JavaFX Application Thread] DEBUG PrimaryStageWindow   - Set initial scene to FXGLStartupScene
08:47:56.101 [JavaFX Application Thread] DEBUG PrimaryStageWindow   - Opening main window
08:47:56.243 [JavaFX Application Thread] DEBUG PrimaryStageWindow   - Window border size: (14.4000244140625, 37.5999755859375)
08:47:56.243 [JavaFX Application Thread] DEBUG PrimaryStageWindow   - Scaled size: 1280.0 x 720.0
08:47:56.243 [JavaFX Application Thread] DEBUG PrimaryStageWindow   - Scaled ratio: (1.0, 1.0)
08:47:56.244 [JavaFX Application Thread] DEBUG PrimaryStageWindow   - Scene size: 1280.0 x 720.0
08:47:56.244 [JavaFX Application Thread] DEBUG PrimaryStageWindow   - Stage size: 1294.4000244140625 x 757.5999755859375
08:47:56.277 [FXGL Background Thread 1 ] DEBUG Engine               - Initializing environment variables
08:47:56.374 [FXGL Background Thread 1 ] DEBUG FXGLAssetLoaderServi - User app class for loading assets: class com.oleg.droids.DroidsApp
08:47:56.375 [FXGL Background Thread 1 ] DEBUG GameApplicationServi - Applying CSS: fxgl_dark.css
08:47:56.376 [FXGL Background Thread 1 ] DEBUG FXGLAssetLoaderServi - Loading from file system: jar:file:///C:/Users/Oleg/.m2/repository/com/github/almasb/fxgl/17.3/fxgl-17.3.jar!/fxglassets/ui/css/fxgl_dark.css
08:47:56.456 [FXGL Background Thread 1 ] DEBUG GameApplicationServi - Initializing application scenes
08:47:56.577 [FXGL Background Thread 1 ] DEBUG GameWorld            - Game world initialized
08:47:56.691 [FXGL Background Thread 1 ] DEBUG PhysicsWorld         - Physics world initialized: appHeight=720, physics.ppm=50,0
08:47:56.692 [FXGL Background Thread 1 ] DEBUG PhysicsWorld         - Using strategy: BRUTE_FORCE
08:47:56.703 [FXGL Background Thread 1 ] DEBUG GameScene            - Game scene initialized: 1280x720
08:47:56.718 [FXGL Background Thread 1 ] DEBUG FXGLAssetLoaderServi - Loading from file system: file:/C:/Users/Oleg/Desktop/FXGLGames-master/Droids/target/classes/assets/textures/background.png
08:47:57.106 [FXGL Background Thread 1 ] DEBUG GameApplicationServi - Application scenes initialized
08:47:57.129 [FXGL Background Thread 1 ] DEBUG SystemBundleService  - Loading FXGL system data
08:47:57.137 [FXGL Background Thread 1 ] DEBUG FileSystemAccess     - Reading from: C:\Users\Oleg\Desktop\FXGLGames-master\Droids\system\fxgl.bundle
08:47:57.152 [FXGL Background Thread 1 ] DEBUG SystemBundleService  - Bundle FXGL: {}
08:47:57.152 [FXGL Background Thread 1 ] DEBUG UpdaterService       - Checking for updates
08:47:57.161 [FXGL Background Thread 1 ] DEBUG FXGLApplication      - Loading default localization
08:47:57.162 [FXGL Background Thread 4 ] DEBUG FXGLApplication      - Loading fonts
08:47:57.162 [FXGL Background Thread 1 ] DEBUG FXGLAssetLoaderServi - Loading from file system: jar:file:///C:/Users/Oleg/.m2/repository/com/github/almasb/fxgl/17.3/fxgl-17.3.jar!/fxglassets/languages/english.lang
08:47:57.162 [FXGL Background Thread 4 ] DEBUG FXGLAssetLoaderServi - Loading from file system: jar:file:///C:/Users/Oleg/.m2/repository/com/github/almasb/fxgl/17.3/fxgl-17.3.jar!/fxglassets/ui/fonts/VarelaRound-Regular.ttf
08:47:57.195 [FXGL Background Thread 1 ] INFO  FXGLApplication      - FXGL initialization took: 0,918 sec
08:47:57.199 [FXGL Background Thread 4 ] DEBUG FXGLAssetLoaderServi - Loading from file system: jar:file:///C:/Users/Oleg/.m2/repository/com/github/almasb/fxgl/17.3/fxgl-17.3.jar!/fxglassets/ui/fonts/Abel-Regular.ttf
08:47:57.204 [FXGL Background Thread 4 ] DEBUG FXGLAssetLoaderServi - Loading from file system: jar:file:///C:/Users/Oleg/.m2/repository/com/github/almasb/fxgl/17.3/fxgl-17.3.jar!/fxglassets/ui/fonts/TerminalLandMono-Regular.otf
08:47:57.207 [JavaFX Application Thread] DEBUG Input                - Registered new binding: Up - W
08:47:57.208 [JavaFX Application Thread] DEBUG Input                - Registered new binding: Down - S
08:47:57.208 [JavaFX Application Thread] DEBUG Input                - Registered new binding: Left - A
08:47:57.208 [JavaFX Application Thread] DEBUG Input                - Registered new binding: Right - D
08:47:57.210 [FXGL Background Thread 4 ] DEBUG FXGLAssetLoaderServi - Loading from file system: jar:file:///C:/Users/Oleg/.m2/repository/com/github/almasb/fxgl/17.3/fxgl-17.3.jar!/fxglassets/ui/fonts/Courier-Prime.ttf
08:47:57.210 [JavaFX Application Thread] DEBUG Input                - Registered new binding: Shoot - LMB
08:47:57.210 [JavaFX Application Thread] DEBUG Input                - Registered new binding: Create Bot - RMB
08:47:57.211 [JavaFX Application Thread] DEBUG FXGLAssetLoaderServi - Loading from file system: jar:file:///C:/Users/Oleg/.m2/repository/com/github/almasb/fxgl/17.3/fxgl-17.3.jar!/fxglassets/textures/fxgl_icon.png
08:47:57.240 [JavaFX Application Thread] DEBUG FXGLAssetLoaderServi - Loading from file system: jar:file:///C:/Users/Oleg/.m2/repository/com/github/almasb/fxgl/17.3/fxgl-17.3.jar!/fxglassets/textures/fxgl_default_cursor.png
08:47:57.244 [JavaFX Application Thread] DEBUG Input                - Registered new binding: Screenshot - CTRL+8
08:47:57.244 [JavaFX Application Thread] DEBUG Input                - Registered new binding: System info dump - CTRL+9
08:47:57.245 [JavaFX Application Thread] DEBUG Input                - Registered new binding: Restart - CTRL+R
08:47:57.246 [JavaFX Application Thread] DEBUG Input                - Registered new binding: Toggle Debug Camera - CTRL+7
08:47:57.249 [JavaFX Application Thread] DEBUG LoopRunner           - Starting loop
08:47:57.249 [JavaFX Application Thread] DEBUG LoopRunner           - Initializing JavaFX AnimationTimerLoop
08:47:57.256 [JavaFX Application Thread] DEBUG Input                - Clearing active input actions
08:47:57.265 [JavaFX Application Thread] DEBUG GameApplicationServi - Removing overlay from FXGLStartupScene and adding to FXGLMainMenuDummyScene
08:47:57.266 [JavaFX Application Thread] DEBUG PrimaryStageWindow   - FXGLStartupScene -> FXGLMainMenuDummyScene
08:47:57.266 [JavaFX Application Thread] DEBUG PrimaryStageWindow   - Push state: DroidsMainMenu
08:47:57.266 [JavaFX Application Thread] DEBUG Input                - Clearing active input actions
08:47:57.273 [JavaFX Application Thread] DEBUG GameApplicationServi - Removing overlay from FXGLMainMenuDummyScene and adding to DroidsMainMenu
08:47:57.274 [JavaFX Application Thread] DEBUG PrimaryStageWindow   - FXGLMainMenuDummyScene -> DroidsMainMenu
08:47:57.278 [JavaFX Application Thread] DEBUG FXGLApplication      - Registering font factories with UI factory
08:47:57.582 [FXGL Background Thread 2 ] WARN  UpdaterService       - Failed to find updates: java.net.UnknownHostException: raw.githubusercontent.com
08:48:00.158 [FXGL Background Thread 3 ] DEBUG Engine               - Logging environment variables
08:48:00.159 [FXGL Background Thread 3 ] DEBUG Engine               - achievements: []
08:48:00.159 [FXGL Background Thread 3 ] DEBUG Engine               - actualHeight: 720.0
08:48:00.159 [FXGL Background Thread 3 ] DEBUG Engine               - actualHeightProperty: ReadOnlyDoubleProperty [value: 720.0]
08:48:00.159 [FXGL Background Thread 3 ] DEBUG Engine               - actualWidth: 1280.0
08:48:00.159 [FXGL Background Thread 3 ] DEBUG Engine               - actualWidthProperty: ReadOnlyDoubleProperty [value: 1280.0]
08:48:00.159 [FXGL Background Thread 3 ] DEBUG Engine               - appIcon: fxgl_icon.png
08:48:00.159 [FXGL Background Thread 3 ] DEBUG Engine               - applicationMode: DEVELOPER
08:48:00.159 [FXGL Background Thread 3 ] DEBUG Engine               - cSSList: [fxgl_dark.css]
08:48:00.159 [FXGL Background Thread 3 ] DEBUG Engine               - collisionDetectionStrategy: BRUTE_FORCE
08:48:00.160 [FXGL Background Thread 3 ] DEBUG Engine               - configClass: Optional.empty
08:48:00.160 [FXGL Background Thread 3 ] DEBUG Engine               - credits: []
08:48:00.160 [FXGL Background Thread 3 ] DEBUG Engine               - defaultCursor: CursorInfo(imageName=fxgl_default_cursor.png, hotspotX=7.0, hotspotY=6.0)
08:48:00.160 [FXGL Background Thread 3 ] DEBUG Engine               - devBBoxColorProperty: ObjectProperty [value: 0xff0000ff]
08:48:00.160 [FXGL Background Thread 3 ] DEBUG Engine               - devEnableDebugCameraProperty: BooleanProperty [value: false]
08:48:00.161 [FXGL Background Thread 3 ] DEBUG Engine               - devSensorColorProperty: ObjectProperty [value: 0xffff00ff]
08:48:00.161 [FXGL Background Thread 3 ] DEBUG Engine               - devShowBBoxProperty: BooleanProperty [value: false]
08:48:00.161 [FXGL Background Thread 3 ] DEBUG Engine               - devShowPositionProperty: BooleanProperty [value: false]
08:48:00.161 [FXGL Background Thread 3 ] DEBUG Engine               - enabledMenuItems: []
08:48:00.161 [FXGL Background Thread 3 ] DEBUG Engine               - engineServices: [class com.almasb.fxgl.app.services.FXGLAssetLoaderService, class com.almasb.fxgl.app.FXGLApplication$GameApplicationService, class com.almasb.fxgl.app.services.FXGLDialogService, class com.almasb.fxgl.app.services.IOTaskExecutorService, class com.almasb.fxgl.io.FileSystemService, class com.almasb.fxgl.localization.LocalizationService, class com.almasb.fxgl.app.services.SystemBundleService, class com.almasb.fxgl.profile.SaveLoadService, class com.almasb.fxgl.ui.FXGLUIFactoryServiceProvider, class com.almasb.fxgl.ui.FXGLDialogFactoryServiceProvider, class com.almasb.fxgl.audio.AudioPlayer, class com.almasb.fxgl.notification.impl.NotificationServiceProvider, class com.almasb.fxgl.achievement.AchievementService, class com.almasb.fxgl.cutscene.CutsceneService, class com.almasb.fxgl.minigames.MiniGameService, class com.almasb.fxgl.net.NetService, class com.almasb.fxgl.app.services.UpdaterService, class com.almasb.fxgl.dev.DevService]
08:48:00.161 [FXGL Background Thread 3 ] DEBUG Engine               - fontGame: Abel-Regular.ttf
08:48:00.161 [FXGL Background Thread 3 ] DEBUG Engine               - fontMono: TerminalLandMono-Regular.otf
08:48:00.161 [FXGL Background Thread 3 ] DEBUG Engine               - fontSizeScaleUI: 1.0
08:48:00.162 [FXGL Background Thread 3 ] DEBUG Engine               - fontText: Courier-Prime.ttf
08:48:00.162 [FXGL Background Thread 3 ] DEBUG Engine               - fontUI: VarelaRound-Regular.ttf
08:48:00.162 [FXGL Background Thread 3 ] DEBUG Engine               - fullScreen: BooleanProperty [value: false]
08:48:00.162 [FXGL Background Thread 3 ] DEBUG Engine               - gameDifficulty: MEDIUM
08:48:00.162 [FXGL Background Thread 3 ] DEBUG Engine               - gameDifficultyProperty: ObjectProperty [value: MEDIUM]
08:48:00.162 [FXGL Background Thread 3 ] DEBUG Engine               - globalMusicVolume: 0.5
08:48:00.162 [FXGL Background Thread 3 ] DEBUG Engine               - globalMusicVolumeProperty: DoubleProperty [value: 0.5]
08:48:00.162 [FXGL Background Thread 3 ] DEBUG Engine               - globalSoundVolume: 0.5
08:48:00.162 [FXGL Background Thread 3 ] DEBUG Engine               - globalSoundVolumeProperty: DoubleProperty [value: 0.5]
08:48:00.162 [FXGL Background Thread 3 ] DEBUG Engine               - height: 720
08:48:00.162 [FXGL Background Thread 3 ] DEBUG Engine               - is3D: false
08:48:00.162 [FXGL Background Thread 3 ] DEBUG Engine               - isAndroid: false
08:48:00.162 [FXGL Background Thread 3 ] DEBUG Engine               - isBrowser: false
08:48:00.162 [FXGL Background Thread 3 ] DEBUG Engine               - isClickFeedbackEnabled: false
08:48:00.162 [FXGL Background Thread 3 ] DEBUG Engine               - isCloseConfirmation: false
08:48:00.163 [FXGL Background Thread 3 ] DEBUG Engine               - isDesktop: true
08:48:00.163 [FXGL Background Thread 3 ] DEBUG Engine               - isDeveloperMenuEnabled: false
08:48:00.163 [FXGL Background Thread 3 ] DEBUG Engine               - isEmbedded: false
08:48:00.163 [FXGL Background Thread 3 ] DEBUG Engine               - isEntityPreloadEnabled: true
08:48:00.163 [FXGL Background Thread 3 ] DEBUG Engine               - isExperimentalTiledLargeMap: false
08:48:00.163 [FXGL Background Thread 3 ] DEBUG Engine               - isFileSystemWriteAllowed: true
08:48:00.163 [FXGL Background Thread 3 ] DEBUG Engine               - isFullScreenAllowed: false
08:48:00.163 [FXGL Background Thread 3 ] DEBUG Engine               - isFullScreenFromStart: false
08:48:00.163 [FXGL Background Thread 3 ] DEBUG Engine               - isGameMenuEnabled: true
08:48:00.163 [FXGL Background Thread 3 ] DEBUG Engine               - isIOS: false
08:48:00.163 [FXGL Background Thread 3 ] DEBUG Engine               - isIntroEnabled: false
08:48:00.163 [FXGL Background Thread 3 ] DEBUG Engine               - isLinux: false
08:48:00.163 [FXGL Background Thread 3 ] DEBUG Engine               - isMac: false
08:48:00.163 [FXGL Background Thread 3 ] DEBUG Engine               - isMainMenuEnabled: true
08:48:00.163 [FXGL Background Thread 3 ] DEBUG Engine               - isManualResizeEnabled: false
08:48:00.163 [FXGL Background Thread 3 ] DEBUG Engine               - isMobile: false
08:48:00.163 [FXGL Background Thread 3 ] DEBUG Engine               - isNative: false
08:48:00.163 [FXGL Background Thread 3 ] DEBUG Engine               - isPauseMusicWhenMinimized: true
08:48:00.163 [FXGL Background Thread 3 ] DEBUG Engine               - isPreserveResizeRatio: false
08:48:00.163 [FXGL Background Thread 3 ] DEBUG Engine               - isProfilingEnabled: false
08:48:00.164 [FXGL Background Thread 3 ] DEBUG Engine               - isScaleAffectedOnResize: true
08:48:00.164 [FXGL Background Thread 3 ] DEBUG Engine               - isSingleStep: false
08:48:00.164 [FXGL Background Thread 3 ] DEBUG Engine               - isUserProfileEnabled: false
08:48:00.164 [FXGL Background Thread 3 ] DEBUG Engine               - isWindows: true
08:48:00.164 [FXGL Background Thread 3 ] DEBUG Engine               - language: ObjectProperty [value: ENGLISH]
08:48:00.164 [FXGL Background Thread 3 ] DEBUG Engine               - menuKey: ESCAPE
08:48:00.164 [FXGL Background Thread 3 ] DEBUG Engine               - mouseSensitivity: 0.2
08:48:00.164 [FXGL Background Thread 3 ] DEBUG Engine               - notificationViewClass: class com.almasb.fxgl.notification.view.XboxNotificationView
08:48:00.164 [FXGL Background Thread 3 ] DEBUG Engine               - pixelsPerMeter: 50.0
08:48:00.164 [FXGL Background Thread 3 ] DEBUG Engine               - platform: WINDOWS
08:48:00.164 [FXGL Background Thread 3 ] DEBUG Engine               - prefHeightProperty: ReadOnlyDoubleProperty [value: 720.0]
08:48:00.164 [FXGL Background Thread 3 ] DEBUG Engine               - prefWidthProperty: ReadOnlyDoubleProperty [value: 1280.0]
08:48:00.164 [FXGL Background Thread 3 ] DEBUG Engine               - profileDir: profiles/
08:48:00.164 [FXGL Background Thread 3 ] DEBUG Engine               - profileName: StringProperty [value: DEFAULT]
08:48:00.164 [FXGL Background Thread 3 ] DEBUG Engine               - randomSeed: -1
08:48:00.165 [FXGL Background Thread 3 ] DEBUG Engine               - runtimeInfo: RuntimeInfo(platform=WINDOWS, version=17.3, build=30.03.2023 11.49)
08:48:00.165 [FXGL Background Thread 3 ] DEBUG Engine               - saveFileExt: sav
08:48:00.165 [FXGL Background Thread 3 ] DEBUG Engine               - scaledHeightProp$fxgl: DoubleProperty [bound, value: 720.0]
08:48:00.165 [FXGL Background Thread 3 ] DEBUG Engine               - scaledWidthProp$fxgl: DoubleProperty [bound, value: 1280.0]
08:48:00.165 [FXGL Background Thread 3 ] DEBUG Engine               - sceneFactory: com.oleg.droids.DroidsApp$1@53c93789
08:48:00.165 [FXGL Background Thread 3 ] DEBUG Engine               - secondsIn24h: 60
08:48:00.165 [FXGL Background Thread 3 ] DEBUG Engine               - soundMenuBack: menu/back.wav
08:48:00.165 [FXGL Background Thread 3 ] DEBUG Engine               - soundMenuPress: menu/press.wav
08:48:00.165 [FXGL Background Thread 3 ] DEBUG Engine               - soundMenuSelect: menu/select.wav
08:48:00.165 [FXGL Background Thread 3 ] DEBUG Engine               - soundNotification: core/notification.wav
08:48:00.165 [FXGL Background Thread 3 ] DEBUG Engine               - stageStyle: DECORATED
08:48:00.166 [FXGL Background Thread 3 ] DEBUG Engine               - supportedLanguages: [ENGLISH, FRENCH, GERMAN, HUNGARIAN, RUSSIAN]
08:48:00.166 [FXGL Background Thread 3 ] DEBUG Engine               - ticksPerSecond: -1
08:48:00.166 [FXGL Background Thread 3 ] DEBUG Engine               - title: Droids
08:48:00.166 [FXGL Background Thread 3 ] DEBUG Engine               - urlGithub: https://github.com/AlmasB/FXGL
08:48:00.166 [FXGL Background Thread 3 ] DEBUG Engine               - urlLeaderboard: http://fxgl-top.herokuapp.com/
08:48:00.166 [FXGL Background Thread 3 ] DEBUG Engine               - urlPOM: https://raw.githubusercontent.com/AlmasB/FXGL/release/README.md
08:48:00.166 [FXGL Background Thread 3 ] DEBUG Engine               - userAppClass: class com.oleg.droids.DroidsApp
08:48:00.166 [FXGL Background Thread 3 ] DEBUG Engine               - version: 0.0
08:48:00.166 [FXGL Background Thread 3 ] DEBUG Engine               - versionCheckDays: 7
08:48:00.166 [FXGL Background Thread 3 ] DEBUG Engine               - width: 1280
08:48:00.166 [FXGL Background Thread 3 ] DEBUG Engine               - Logging services
08:48:00.166 [FXGL Background Thread 3 ] DEBUG Engine               - class com.almasb.fxgl.app.services.FXGLAssetLoaderService
08:48:00.166 [FXGL Background Thread 3 ] DEBUG Engine               - class com.almasb.fxgl.app.FXGLApplication$GameApplicationService
08:48:00.166 [FXGL Background Thread 3 ] DEBUG Engine               - class com.almasb.fxgl.app.services.FXGLDialogService
08:48:00.166 [FXGL Background Thread 3 ] DEBUG Engine               - class com.almasb.fxgl.app.services.IOTaskExecutorService
08:48:00.166 [FXGL Background Thread 3 ] DEBUG Engine               - class com.almasb.fxgl.io.FileSystemService
08:48:00.166 [FXGL Background Thread 3 ] DEBUG Engine               - class com.almasb.fxgl.localization.LocalizationService
08:48:00.167 [FXGL Background Thread 3 ] DEBUG Engine               - class com.almasb.fxgl.app.services.SystemBundleService
08:48:00.167 [FXGL Background Thread 3 ] DEBUG Engine               - class com.almasb.fxgl.profile.SaveLoadService
08:48:00.167 [FXGL Background Thread 3 ] DEBUG Engine               - class com.almasb.fxgl.ui.FXGLUIFactoryServiceProvider
08:48:00.167 [FXGL Background Thread 3 ] DEBUG Engine               - class com.almasb.fxgl.ui.FXGLDialogFactoryServiceProvider
08:48:00.167 [FXGL Background Thread 3 ] DEBUG Engine               - class com.almasb.fxgl.audio.AudioPlayer
08:48:00.167 [FXGL Background Thread 3 ] DEBUG Engine               - class com.almasb.fxgl.notification.impl.NotificationServiceProvider
08:48:00.167 [FXGL Background Thread 3 ] DEBUG Engine               - class com.almasb.fxgl.achievement.AchievementService
08:48:00.167 [FXGL Background Thread 3 ] DEBUG Engine               - class com.almasb.fxgl.cutscene.CutsceneService
08:48:00.167 [FXGL Background Thread 3 ] DEBUG Engine               - class com.almasb.fxgl.minigames.MiniGameService
08:48:00.167 [FXGL Background Thread 3 ] DEBUG Engine               - class com.almasb.fxgl.net.NetService
08:48:00.167 [FXGL Background Thread 3 ] DEBUG Engine               - class com.almasb.fxgl.app.services.UpdaterService
08:48:00.167 [FXGL Background Thread 3 ] DEBUG Engine               - class com.almasb.fxgl.dev.DevService
08:48:15.687 [JavaFX Application Thread] DEBUG Menu                 - fireNewGame()
08:48:15.688 [JavaFX Application Thread] DEBUG GameApplicationServi - Starting new game
08:48:15.688 [JavaFX Application Thread] DEBUG PrimaryStageWindow   - Pop state: DroidsMainMenu
08:48:15.688 [JavaFX Application Thread] DEBUG Input                - Clearing active input actions
08:48:15.689 [JavaFX Application Thread] DEBUG GameApplicationServi - Removing overlay from DroidsMainMenu and adding to FXGLMainMenuDummyScene
08:48:15.690 [JavaFX Application Thread] DEBUG PrimaryStageWindow   - FXGLMainMenuDummyScene <- DroidsMainMenu
08:48:15.690 [JavaFX Application Thread] DEBUG Input                - Clearing active input actions
08:48:15.705 [JavaFX Application Thread] DEBUG GameApplicationServi - Removing overlay from FXGLMainMenuDummyScene and adding to FXGLLoadingScene
08:48:15.705 [JavaFX Application Thread] DEBUG PrimaryStageWindow   - FXGLMainMenuDummyScene -> FXGLLoadingScene
08:48:15.705 [JavaFX Application Thread] DEBUG GameApplicationServi - Clearing previous game
08:48:15.705 [JavaFX Application Thread] DEBUG GameScene            - Clearing game scene
08:48:15.705 [JavaFX Application Thread] DEBUG GameWorld            - Clearing game world
08:48:15.705 [JavaFX Application Thread] DEBUG PhysicsWorld         - Clearing physics world
08:48:15.707 [FXGL Background Thread 2 ] DEBUG FXGLApplication      - Initializing game
08:48:15.803 [FXGL Background Thread 2 ] DEBUG FXGLAssetLoaderServi - Loading from file system: file:/C:/Users/Oleg/Desktop/FXGLGames-master/Droids/target/classes/assets/textures/Regular_Blue.png
08:48:15.880 [FXGL Background Thread 2 ] DEBUG FXGLAssetLoaderServi - Loading from file system: file:/C:/Users/Oleg/Desktop/FXGLGames-master/Droids/target/classes/assets/textures/Regular_Red.png
08:48:15.898 [FXGL Background Thread 2 ] INFO  FXGLApplication      - Game initialization took: 0,190 sec
08:48:15.899 [JavaFX Application Thread] DEBUG Input                - Clearing active input actions
08:48:15.909 [JavaFX Application Thread] DEBUG GameApplicationServi - Removing overlay from FXGLLoadingScene and adding to GameScene
08:48:15.909 [JavaFX Application Thread] DEBUG PrimaryStageWindow   - FXGLLoadingScene -> GameScene
08:48:57.837 [JavaFX Application Thread] DEBUG PrimaryStageWindow   - Push state: DialogSubScene
08:48:57.838 [JavaFX Application Thread] DEBUG Input                - Clearing active input actions
08:48:57.841 [JavaFX Application Thread] DEBUG GameApplicationServi - Removing overlay from GameScene and adding to DialogSubScene
08:48:57.842 [JavaFX Application Thread] DEBUG PrimaryStageWindow   - GameScene -> DialogSubScene
08:49:04.194 [JavaFX Application Thread] DEBUG PrimaryStageWindow   - Pop state: DialogSubScene
08:49:04.194 [JavaFX Application Thread] DEBUG Input                - Clearing active input actions
08:49:04.195 [JavaFX Application Thread] DEBUG GameApplicationServi - Removing overlay from DialogSubScene and adding to GameScene
08:49:04.195 [JavaFX Application Thread] DEBUG PrimaryStageWindow   - GameScene <- DialogSubScene
08:49:04.195 [JavaFX Application Thread] DEBUG FXGLApplication      - Exiting FXGL
08:49:04.195 [JavaFX Application Thread] DEBUG LoopRunner           - Stopping loop
08:49:04.195 [JavaFX Application Thread] DEBUG SystemBundleService  - Saving FXGL system data
08:49:04.198 [JavaFX Application Thread] DEBUG FileSystemAccess     - Writing to: C:\Users\Oleg\Desktop\FXGLGames-master\Droids\system\fxgl.bundle
08:49:04.200 [JavaFX Application Thread] DEBUG Async                - Shutting down background threads
08:49:04.201 [JavaFX Application Thread] DEBUG PrimaryStageWindow   - Closing main window
08:49:04.209 [JavaFX Application Thread] DEBUG Logger               - Closing Logger
