08:49:18.510 [main                     ] DEBUG Logger               - Configured Logger
08:49:18.549 [main                     ] DEBUG GameApplication      - Logging settings
Title: Droids
Version: 0.0
Width: 1280
Height: 720
Fullscreen: false
Intro: false
Profiling: false
Single step:false
App Mode: DEVELOPER
Menu Key: ESCAPE
Stage Style: DECORATED
Scene Factory: class com.oleg.droids.DroidsApp$1

08:49:19.063 [JavaFX Application Thread] DEBUG FXGLApplication      - Initializing FXGL
08:49:19.071 [JavaFX Application Thread] INFO  Engine               - FXGL-17.3 (30.03.2023 11.49) on WINDOWS (J:21 FX:17.0.2-ea)
08:49:19.073 [JavaFX Application Thread] DEBUG Engine               - JRE Vendor Name: Oracle Corporation
08:49:19.073 [JavaFX Application Thread] DEBUG Engine               - Running on OS: Windows 10 version 10.0
08:49:19.074 [JavaFX Application Thread] DEBUG Engine               - Architecture: amd64
08:49:19.074 [JavaFX Application Thread] INFO  Engine               - Source code and latest versions at: https://github.com/AlmasB/FXGL
08:49:19.074 [JavaFX Application Thread] INFO  Engine               -       Ask questions and discuss at: https://github.com/AlmasB/FXGL/discussions
08:49:19.074 [JavaFX Application Thread] INFO  Engine               -              Join the FXGL chat at: https://gitter.im/AlmasB/FXGL
08:49:19.236 [JavaFX Application Thread] DEBUG PrimaryStageWindow   - Creating a JavaFX scene
08:49:19.316 [JavaFX Application Thread] DEBUG PrimaryStageWindow   - Target settings size: 1280.0 x 720.0
08:49:19.316 [JavaFX Application Thread] DEBUG PrimaryStageWindow   - Scaled scene size:    1280.0 x 720.0
08:49:19.316 [JavaFX Application Thread] DEBUG PrimaryStageWindow   - Scaled ratio: (1.0, 1.0)
08:49:19.318 [JavaFX Application Thread] DEBUG PrimaryStageWindow   - Set initial scene to FXGLStartupScene
08:49:19.327 [JavaFX Application Thread] DEBUG PrimaryStageWindow   - Opening main window
08:49:19.438 [JavaFX Application Thread] DEBUG PrimaryStageWindow   - Window border size: (14.4000244140625, 37.5999755859375)
08:49:19.439 [JavaFX Application Thread] DEBUG PrimaryStageWindow   - Scaled size: 1280.0 x 720.0
08:49:19.440 [JavaFX Application Thread] DEBUG PrimaryStageWindow   - Scaled ratio: (1.0, 1.0)
08:49:19.440 [JavaFX Application Thread] DEBUG PrimaryStageWindow   - Scene size: 1280.0 x 720.0
08:49:19.441 [JavaFX Application Thread] DEBUG PrimaryStageWindow   - Stage size: 1294.4000244140625 x 757.5999755859375
08:49:19.459 [FXGL Background Thread 1 ] DEBUG Engine               - Initializing environment variables
08:49:19.548 [FXGL Background Thread 1 ] DEBUG FXGLAssetLoaderServi - User app class for loading assets: class com.oleg.droids.DroidsApp
08:49:19.548 [FXGL Background Thread 1 ] DEBUG GameApplicationServi - Applying CSS: fxgl_dark.css
08:49:19.550 [FXGL Background Thread 1 ] DEBUG FXGLAssetLoaderServi - Loading from file system: jar:file:///C:/Users/Oleg/.m2/repository/com/github/almasb/fxgl/17.3/fxgl-17.3.jar!/fxglassets/ui/css/fxgl_dark.css
08:49:19.634 [FXGL Background Thread 1 ] DEBUG GameApplicationServi - Initializing application scenes
08:49:19.842 [FXGL Background Thread 1 ] DEBUG GameWorld            - Game world initialized
08:49:19.936 [FXGL Background Thread 1 ] DEBUG PhysicsWorld         - Physics world initialized: appHeight=720, physics.ppm=50,0
08:49:19.937 [FXGL Background Thread 1 ] DEBUG PhysicsWorld         - Using strategy: BRUTE_FORCE
08:49:19.942 [FXGL Background Thread 1 ] DEBUG GameScene            - Game scene initialized: 1280x720
08:49:19.954 [FXGL Background Thread 1 ] DEBUG FXGLAssetLoaderServi - Loading from file system: file:/C:/Users/Oleg/Desktop/FXGLGames-master/Droids/target/classes/assets/textures/background.png
08:49:20.291 [FXGL Background Thread 1 ] DEBUG GameApplicationServi - Application scenes initialized
08:49:20.316 [FXGL Background Thread 1 ] DEBUG SystemBundleService  - Loading FXGL system data
08:49:20.323 [FXGL Background Thread 1 ] DEBUG FileSystemAccess     - Reading from: C:\Users\Oleg\Desktop\FXGLGames-master\Droids\system\fxgl.bundle
08:49:20.339 [FXGL Background Thread 1 ] DEBUG SystemBundleService  - Bundle FXGL: {}
08:49:20.339 [FXGL Background Thread 1 ] DEBUG UpdaterService       - Checking for updates
08:49:20.348 [FXGL Background Thread 1 ] DEBUG FXGLApplication      - Loading default localization
08:49:20.349 [FXGL Background Thread 1 ] DEBUG FXGLAssetLoaderServi - Loading from file system: jar:file:///C:/Users/Oleg/.m2/repository/com/github/almasb/fxgl/17.3/fxgl-17.3.jar!/fxglassets/languages/english.lang
08:49:20.350 [FXGL Background Thread 4 ] DEBUG FXGLApplication      - Loading fonts
08:49:20.353 [FXGL Background Thread 4 ] DEBUG FXGLAssetLoaderServi - Loading from file system: jar:file:///C:/Users/Oleg/.m2/repository/com/github/almasb/fxgl/17.3/fxgl-17.3.jar!/fxglassets/ui/fonts/VarelaRound-Regular.ttf
08:49:20.407 [FXGL Background Thread 1 ] INFO  FXGLApplication      - FXGL initialization took: 0,947 sec
08:49:20.420 [JavaFX Application Thread] DEBUG Input                - Registered new binding: Up - W
08:49:20.421 [JavaFX Application Thread] DEBUG Input                - Registered new binding: Down - S
08:49:20.421 [JavaFX Application Thread] DEBUG Input                - Registered new binding: Left - A
08:49:20.421 [JavaFX Application Thread] DEBUG Input                - Registered new binding: Right - D
08:49:20.423 [JavaFX Application Thread] DEBUG Input                - Registered new binding: Shoot - LMB
08:49:20.423 [JavaFX Application Thread] DEBUG Input                - Registered new binding: Create Bot - RMB
08:49:20.424 [JavaFX Application Thread] DEBUG FXGLAssetLoaderServi - Loading from file system: jar:file:///C:/Users/Oleg/.m2/repository/com/github/almasb/fxgl/17.3/fxgl-17.3.jar!/fxglassets/textures/fxgl_icon.png
08:49:20.461 [JavaFX Application Thread] DEBUG FXGLAssetLoaderServi - Loading from file system: jar:file:///C:/Users/Oleg/.m2/repository/com/github/almasb/fxgl/17.3/fxgl-17.3.jar!/fxglassets/textures/fxgl_default_cursor.png
08:49:20.464 [JavaFX Application Thread] DEBUG Input                - Registered new binding: Screenshot - CTRL+8
08:49:20.465 [JavaFX Application Thread] DEBUG Input                - Registered new binding: System info dump - CTRL+9
08:49:20.465 [JavaFX Application Thread] DEBUG Input                - Registered new binding: Restart - CTRL+R
08:49:20.466 [JavaFX Application Thread] DEBUG Input                - Registered new binding: Toggle Debug Camera - CTRL+7
08:49:20.470 [JavaFX Application Thread] DEBUG LoopRunner           - Starting loop
08:49:20.471 [JavaFX Application Thread] DEBUG LoopRunner           - Initializing JavaFX AnimationTimerLoop
08:49:20.474 [JavaFX Application Thread] DEBUG Input                - Clearing active input actions
08:49:20.504 [FXGL Background Thread 4 ] DEBUG FXGLAssetLoaderServi - Loading from file system: jar:file:///C:/Users/Oleg/.m2/repository/com/github/almasb/fxgl/17.3/fxgl-17.3.jar!/fxglassets/ui/fonts/Abel-Regular.ttf
08:49:20.531 [JavaFX Application Thread] DEBUG GameApplicationServi - Removing overlay from FXGLStartupScene and adding to FXGLMainMenuDummyScene
08:49:20.532 [JavaFX Application Thread] DEBUG PrimaryStageWindow   - FXGLStartupScene -> FXGLMainMenuDummyScene
08:49:20.532 [JavaFX Application Thread] DEBUG PrimaryStageWindow   - Push state: DroidsMainMenu
08:49:20.532 [JavaFX Application Thread] DEBUG Input                - Clearing active input actions
08:49:20.538 [JavaFX Application Thread] DEBUG GameApplicationServi - Removing overlay from FXGLMainMenuDummyScene and adding to DroidsMainMenu
08:49:20.539 [JavaFX Application Thread] DEBUG PrimaryStageWindow   - FXGLMainMenuDummyScene -> DroidsMainMenu
08:49:20.581 [FXGL Background Thread 4 ] DEBUG FXGLAssetLoaderServi - Loading from file system: jar:file:///C:/Users/Oleg/.m2/repository/com/github/almasb/fxgl/17.3/fxgl-17.3.jar!/fxglassets/ui/fonts/TerminalLandMono-Regular.otf
08:49:20.658 [FXGL Background Thread 4 ] DEBUG FXGLAssetLoaderServi - Loading from file system: jar:file:///C:/Users/Oleg/.m2/repository/com/github/almasb/fxgl/17.3/fxgl-17.3.jar!/fxglassets/ui/fonts/Courier-Prime.ttf
08:49:20.677 [JavaFX Application Thread] DEBUG FXGLApplication      - Registering font factories with UI factory
08:49:20.789 [FXGL Background Thread 2 ] WARN  UpdaterService       - Failed to find updates: java.net.UnknownHostException: raw.githubusercontent.com
08:49:23.346 [FXGL Background Thread 3 ] DEBUG Engine               - Logging environment variables
08:49:23.347 [FXGL Background Thread 3 ] DEBUG Engine               - achievements: []
08:49:23.347 [FXGL Background Thread 3 ] DEBUG Engine               - actualHeight: 720.0
08:49:23.348 [FXGL Background Thread 3 ] DEBUG Engine               - actualHeightProperty: ReadOnlyDoubleProperty [value: 720.0]
08:49:23.348 [FXGL Background Thread 3 ] DEBUG Engine               - actualWidth: 1280.0
08:49:23.348 [FXGL Background Thread 3 ] DEBUG Engine               - actualWidthProperty: ReadOnlyDoubleProperty [value: 1280.0]
08:49:23.348 [FXGL Background Thread 3 ] DEBUG Engine               - appIcon: fxgl_icon.png
08:49:23.348 [FXGL Background Thread 3 ] DEBUG Engine               - applicationMode: DEVELOPER
08:49:23.348 [FXGL Background Thread 3 ] DEBUG Engine               - cSSList: [fxgl_dark.css]
08:49:23.348 [FXGL Background Thread 3 ] DEBUG Engine               - collisionDetectionStrategy: BRUTE_FORCE
08:49:23.349 [FXGL Background Thread 3 ] DEBUG Engine               - configClass: Optional.empty
08:49:23.349 [FXGL Background Thread 3 ] DEBUG Engine               - credits: []
08:49:23.349 [FXGL Background Thread 3 ] DEBUG Engine               - defaultCursor: CursorInfo(imageName=fxgl_default_cursor.png, hotspotX=7.0, hotspotY=6.0)
08:49:23.350 [FXGL Background Thread 3 ] DEBUG Engine               - devBBoxColorProperty: ObjectProperty [value: 0xff0000ff]
08:49:23.351 [FXGL Background Thread 3 ] DEBUG Engine               - devEnableDebugCameraProperty: BooleanProperty [value: false]
08:49:23.351 [FXGL Background Thread 3 ] DEBUG Engine               - devSensorColorProperty: ObjectProperty [value: 0xffff00ff]
08:49:23.352 [FXGL Background Thread 3 ] DEBUG Engine               - devShowBBoxProperty: BooleanProperty [value: false]
08:49:23.352 [FXGL Background Thread 3 ] DEBUG Engine               - devShowPositionProperty: BooleanProperty [value: false]
08:49:23.353 [FXGL Background Thread 3 ] DEBUG Engine               - enabledMenuItems: []
08:49:23.355 [FXGL Background Thread 3 ] DEBUG Engine               - engineServices: [class com.almasb.fxgl.app.services.FXGLAssetLoaderService, class com.almasb.fxgl.app.FXGLApplication$GameApplicationService, class com.almasb.fxgl.app.services.FXGLDialogService, class com.almasb.fxgl.app.services.IOTaskExecutorService, class com.almasb.fxgl.io.FileSystemService, class com.almasb.fxgl.localization.LocalizationService, class com.almasb.fxgl.app.services.SystemBundleService, class com.almasb.fxgl.profile.SaveLoadService, class com.almasb.fxgl.ui.FXGLUIFactoryServiceProvider, class com.almasb.fxgl.ui.FXGLDialogFactoryServiceProvider, class com.almasb.fxgl.audio.AudioPlayer, class com.almasb.fxgl.notification.impl.NotificationServiceProvider, class com.almasb.fxgl.achievement.AchievementService, class com.almasb.fxgl.cutscene.CutsceneService, class com.almasb.fxgl.minigames.MiniGameService, class com.almasb.fxgl.net.NetService, class com.almasb.fxgl.app.services.UpdaterService, class com.almasb.fxgl.dev.DevService]
08:49:23.355 [FXGL Background Thread 3 ] DEBUG Engine               - fontGame: Abel-Regular.ttf
08:49:23.356 [FXGL Background Thread 3 ] DEBUG Engine               - fontMono: TerminalLandMono-Regular.otf
08:49:23.356 [FXGL Background Thread 3 ] DEBUG Engine               - fontSizeScaleUI: 1.0
08:49:23.356 [FXGL Background Thread 3 ] DEBUG Engine               - fontText: Courier-Prime.ttf
08:49:23.357 [FXGL Background Thread 3 ] DEBUG Engine               - fontUI: VarelaRound-Regular.ttf
08:49:23.357 [FXGL Background Thread 3 ] DEBUG Engine               - fullScreen: BooleanProperty [value: false]
08:49:23.357 [FXGL Background Thread 3 ] DEBUG Engine               - gameDifficulty: MEDIUM
08:49:23.357 [FXGL Background Thread 3 ] DEBUG Engine               - gameDifficultyProperty: ObjectProperty [value: MEDIUM]
08:49:23.357 [FXGL Background Thread 3 ] DEBUG Engine               - globalMusicVolume: 0.5
08:49:23.358 [FXGL Background Thread 3 ] DEBUG Engine               - globalMusicVolumeProperty: DoubleProperty [value: 0.5]
08:49:23.359 [FXGL Background Thread 3 ] DEBUG Engine               - globalSoundVolume: 0.5
08:49:23.359 [FXGL Background Thread 3 ] DEBUG Engine               - globalSoundVolumeProperty: DoubleProperty [value: 0.5]
08:49:23.359 [FXGL Background Thread 3 ] DEBUG Engine               - height: 720
08:49:23.359 [FXGL Background Thread 3 ] DEBUG Engine               - is3D: false
08:49:23.359 [FXGL Background Thread 3 ] DEBUG Engine               - isAndroid: false
08:49:23.360 [FXGL Background Thread 3 ] DEBUG Engine               - isBrowser: false
08:49:23.363 [FXGL Background Thread 3 ] DEBUG Engine               - isClickFeedbackEnabled: false
08:49:23.364 [FXGL Background Thread 3 ] DEBUG Engine               - isCloseConfirmation: false
08:49:23.365 [FXGL Background Thread 3 ] DEBUG Engine               - isDesktop: true
08:49:23.365 [FXGL Background Thread 3 ] DEBUG Engine               - isDeveloperMenuEnabled: false
08:49:23.365 [FXGL Background Thread 3 ] DEBUG Engine               - isEmbedded: false
08:49:23.365 [FXGL Background Thread 3 ] DEBUG Engine               - isEntityPreloadEnabled: true
08:49:23.365 [FXGL Background Thread 3 ] DEBUG Engine               - isExperimentalTiledLargeMap: false
08:49:23.366 [FXGL Background Thread 3 ] DEBUG Engine               - isFileSystemWriteAllowed: true
08:49:23.368 [FXGL Background Thread 3 ] DEBUG Engine               - isFullScreenAllowed: false
08:49:23.369 [FXGL Background Thread 3 ] DEBUG Engine               - isFullScreenFromStart: false
08:49:23.370 [FXGL Background Thread 3 ] DEBUG Engine               - isGameMenuEnabled: true
08:49:23.370 [FXGL Background Thread 3 ] DEBUG Engine               - isIOS: false
08:49:23.370 [FXGL Background Thread 3 ] DEBUG Engine               - isIntroEnabled: false
08:49:23.370 [FXGL Background Thread 3 ] DEBUG Engine               - isLinux: false
08:49:23.370 [FXGL Background Thread 3 ] DEBUG Engine               - isMac: false
08:49:23.371 [FXGL Background Thread 3 ] DEBUG Engine               - isMainMenuEnabled: true
08:49:23.372 [FXGL Background Thread 3 ] DEBUG Engine               - isManualResizeEnabled: false
08:49:23.372 [FXGL Background Thread 3 ] DEBUG Engine               - isMobile: false
08:49:23.372 [FXGL Background Thread 3 ] DEBUG Engine               - isNative: false
08:49:23.372 [FXGL Background Thread 3 ] DEBUG Engine               - isPauseMusicWhenMinimized: true
08:49:23.372 [FXGL Background Thread 3 ] DEBUG Engine               - isPreserveResizeRatio: false
08:49:23.372 [FXGL Background Thread 3 ] DEBUG Engine               - isProfilingEnabled: false
08:49:23.372 [FXGL Background Thread 3 ] DEBUG Engine               - isScaleAffectedOnResize: true
08:49:23.372 [FXGL Background Thread 3 ] DEBUG Engine               - isSingleStep: false
08:49:23.372 [FXGL Background Thread 3 ] DEBUG Engine               - isUserProfileEnabled: false
08:49:23.377 [FXGL Background Thread 3 ] DEBUG Engine               - isWindows: true
08:49:23.380 [FXGL Background Thread 3 ] DEBUG Engine               - language: ObjectProperty [value: ENGLISH]
08:49:23.380 [FXGL Background Thread 3 ] DEBUG Engine               - menuKey: ESCAPE
08:49:23.380 [FXGL Background Thread 3 ] DEBUG Engine               - mouseSensitivity: 0.2
08:49:23.380 [FXGL Background Thread 3 ] DEBUG Engine               - notificationViewClass: class com.almasb.fxgl.notification.view.XboxNotificationView
08:49:23.381 [FXGL Background Thread 3 ] DEBUG Engine               - pixelsPerMeter: 50.0
08:49:23.381 [FXGL Background Thread 3 ] DEBUG Engine               - platform: WINDOWS
08:49:23.381 [FXGL Background Thread 3 ] DEBUG Engine               - prefHeightProperty: ReadOnlyDoubleProperty [value: 720.0]
08:49:23.381 [FXGL Background Thread 3 ] DEBUG Engine               - prefWidthProperty: ReadOnlyDoubleProperty [value: 1280.0]
08:49:23.381 [FXGL Background Thread 3 ] DEBUG Engine               - profileDir: profiles/
08:49:23.381 [FXGL Background Thread 3 ] DEBUG Engine               - profileName: StringProperty [value: DEFAULT]
08:49:23.381 [FXGL Background Thread 3 ] DEBUG Engine               - randomSeed: -1
08:49:23.382 [FXGL Background Thread 3 ] DEBUG Engine               - runtimeInfo: RuntimeInfo(platform=WINDOWS, version=17.3, build=30.03.2023 11.49)
08:49:23.382 [FXGL Background Thread 3 ] DEBUG Engine               - saveFileExt: sav
08:49:23.383 [FXGL Background Thread 3 ] DEBUG Engine               - scaledHeightProp$fxgl: DoubleProperty [bound, value: 720.0]
08:49:23.383 [FXGL Background Thread 3 ] DEBUG Engine               - scaledWidthProp$fxgl: DoubleProperty [bound, value: 1280.0]
08:49:23.383 [FXGL Background Thread 3 ] DEBUG Engine               - sceneFactory: com.oleg.droids.DroidsApp$1@5c566442
08:49:23.383 [FXGL Background Thread 3 ] DEBUG Engine               - secondsIn24h: 60
08:49:23.383 [FXGL Background Thread 3 ] DEBUG Engine               - soundMenuBack: menu/back.wav
08:49:23.383 [FXGL Background Thread 3 ] DEBUG Engine               - soundMenuPress: menu/press.wav
08:49:23.383 [FXGL Background Thread 3 ] DEBUG Engine               - soundMenuSelect: menu/select.wav
08:49:23.383 [FXGL Background Thread 3 ] DEBUG Engine               - soundNotification: core/notification.wav
08:49:23.383 [FXGL Background Thread 3 ] DEBUG Engine               - stageStyle: DECORATED
08:49:23.383 [FXGL Background Thread 3 ] DEBUG Engine               - supportedLanguages: [ENGLISH, FRENCH, GERMAN, HUNGARIAN, RUSSIAN]
08:49:23.383 [FXGL Background Thread 3 ] DEBUG Engine               - ticksPerSecond: -1
08:49:23.384 [FXGL Background Thread 3 ] DEBUG Engine               - title: Droids
08:49:23.384 [FXGL Background Thread 3 ] DEBUG Engine               - urlGithub: https://github.com/AlmasB/FXGL
08:49:23.384 [FXGL Background Thread 3 ] DEBUG Engine               - urlLeaderboard: http://fxgl-top.herokuapp.com/
08:49:23.384 [FXGL Background Thread 3 ] DEBUG Engine               - urlPOM: https://raw.githubusercontent.com/AlmasB/FXGL/release/README.md
08:49:23.389 [FXGL Background Thread 3 ] DEBUG Engine               - userAppClass: class com.oleg.droids.DroidsApp
08:49:23.389 [FXGL Background Thread 3 ] DEBUG Engine               - version: 0.0
08:49:23.389 [FXGL Background Thread 3 ] DEBUG Engine               - versionCheckDays: 7
08:49:23.390 [FXGL Background Thread 3 ] DEBUG Engine               - width: 1280
08:49:23.390 [FXGL Background Thread 3 ] DEBUG Engine               - Logging services
08:49:23.390 [FXGL Background Thread 3 ] DEBUG Engine               - class com.almasb.fxgl.app.services.FXGLAssetLoaderService
08:49:23.390 [FXGL Background Thread 3 ] DEBUG Engine               - class com.almasb.fxgl.app.FXGLApplication$GameApplicationService
08:49:23.390 [FXGL Background Thread 3 ] DEBUG Engine               - class com.almasb.fxgl.app.services.FXGLDialogService
08:49:23.390 [FXGL Background Thread 3 ] DEBUG Engine               - class com.almasb.fxgl.app.services.IOTaskExecutorService
08:49:23.390 [FXGL Background Thread 3 ] DEBUG Engine               - class com.almasb.fxgl.io.FileSystemService
08:49:23.390 [FXGL Background Thread 3 ] DEBUG Engine               - class com.almasb.fxgl.localization.LocalizationService
08:49:23.390 [FXGL Background Thread 3 ] DEBUG Engine               - class com.almasb.fxgl.app.services.SystemBundleService
08:49:23.391 [FXGL Background Thread 3 ] DEBUG Engine               - class com.almasb.fxgl.profile.SaveLoadService
08:49:23.395 [FXGL Background Thread 3 ] DEBUG Engine               - class com.almasb.fxgl.ui.FXGLUIFactoryServiceProvider
08:49:23.396 [FXGL Background Thread 3 ] DEBUG Engine               - class com.almasb.fxgl.ui.FXGLDialogFactoryServiceProvider
08:49:23.397 [FXGL Background Thread 3 ] DEBUG Engine               - class com.almasb.fxgl.audio.AudioPlayer
08:49:23.397 [FXGL Background Thread 3 ] DEBUG Engine               - class com.almasb.fxgl.notification.impl.NotificationServiceProvider
08:49:23.397 [FXGL Background Thread 3 ] DEBUG Engine               - class com.almasb.fxgl.achievement.AchievementService
08:49:23.398 [FXGL Background Thread 3 ] DEBUG Engine               - class com.almasb.fxgl.cutscene.CutsceneService
08:49:23.398 [FXGL Background Thread 3 ] DEBUG Engine               - class com.almasb.fxgl.minigames.MiniGameService
08:49:23.398 [FXGL Background Thread 3 ] DEBUG Engine               - class com.almasb.fxgl.net.NetService
08:49:23.398 [FXGL Background Thread 3 ] DEBUG Engine               - class com.almasb.fxgl.app.services.UpdaterService
08:49:23.399 [FXGL Background Thread 3 ] DEBUG Engine               - class com.almasb.fxgl.dev.DevService
08:49:39.038 [JavaFX Application Thread] DEBUG FXGLApplication      - Exiting FXGL
08:49:39.038 [JavaFX Application Thread] DEBUG LoopRunner           - Stopping loop
08:49:39.038 [JavaFX Application Thread] DEBUG SystemBundleService  - Saving FXGL system data
08:49:39.041 [JavaFX Application Thread] DEBUG FileSystemAccess     - Writing to: C:\Users\Oleg\Desktop\FXGLGames-master\Droids\system\fxgl.bundle
08:49:39.044 [JavaFX Application Thread] DEBUG Async                - Shutting down background threads
08:49:39.045 [JavaFX Application Thread] DEBUG PrimaryStageWindow   - Closing main window
08:49:39.058 [JavaFX Application Thread] DEBUG Logger               - Closing Logger
